Using pre-set license
Built from '2020.2/release' branch; Version is '2020.2.1f1 (270dd8c3da1c) revision 2559448'; Using compiler version '192528614'; Build Type 'Release'
OS: 'Windows 10  (10.0.0) 64bit' Language: 'en' Physical Memory: 32703 MB
BatchMode: 1, IsHumanControllingUs: 0, StartBugReporterOnCrash: 0, Is64bit: 1, IsPro: 0

 COMMAND LINE ARGUMENTS:
C:\Program Files\Unity\Hub\Editor\2020.2.1f1\Editor\Unity.exe
-adb2
-batchMode
-noUpm
-name
AssetImportWorker0
-projectPath
D:/Winter 2021/CSCI4160U/LectureExamples/02b_Physics_and_Collisions
-logFile
Logs/AssetImportWorker0.log
-srvPort
62917
Successfully changed project path to: D:/Winter 2021/CSCI4160U/LectureExamples/02b_Physics_and_Collisions
D:/Winter 2021/CSCI4160U/LectureExamples/02b_Physics_and_Collisions
Using Asset Import Pipeline V2.
Refreshing native plugins compatible for Editor in 97.71 ms, found 1 plugins.
Preloading 0 native plugins for Editor in 0.00 ms.
Initialize engine version: 2020.2.1f1 (270dd8c3da1c)
[Subsystems] Discovering subsystems at path C:/Program Files/Unity/Hub/Editor/2020.2.1f1/Editor/Data/Resources/UnitySubsystems
[Subsystems] Discovering subsystems at path D:/Winter 2021/CSCI4160U/LectureExamples/02b_Physics_and_Collisions/Assets
GfxDevice: creating device client; threaded=0
Direct3D:
    Version:  Direct3D 11.0 [level 11.1]
    Renderer: NVIDIA GeForce GTX 1070 (ID=0x1be1)
    Vendor:   
    VRAM:     8081 MB
    Driver:   27.21.14.5709
Initialize mono
Mono path[0] = 'C:/Program Files/Unity/Hub/Editor/2020.2.1f1/Editor/Data/Managed'
Mono path[1] = 'C:/Program Files/Unity/Hub/Editor/2020.2.1f1/Editor/Data/MonoBleedingEdge/lib/mono/unityjit'
Mono config path = 'C:/Program Files/Unity/Hub/Editor/2020.2.1f1/Editor/Data/MonoBleedingEdge/etc'
Using monoOptions --debugger-agent=transport=dt_socket,embedding=1,server=y,suspend=n,address=127.0.0.1:56100
Begin MonoManager ReloadAssembly
Registering precompiled unity dll's ...
Register platform support module: C:/Program Files/Unity/Hub/Editor/2020.2.1f1/Editor/Data/PlaybackEngines/WindowsStandaloneSupport/UnityEditor.WindowsStandalone.Extensions.dll
Registered in 0.003384 seconds.
Native extension for WindowsStandalone target not found
Refreshing native plugins compatible for Editor in 69.84 ms, found 1 plugins.
Preloading 0 native plugins for Editor in 0.00 ms.
Invoked RoslynAnalysisRunner static constructor.
RoslynAnalysisRunner will not be running.
RoslynAnalysisRunner has terminated.
Mono: successfully reloaded assembly
- Completed reload, in  1.896 seconds
Platform modules already initialized, skipping
Registering precompiled user dll's ...
Registered in 0.001601 seconds.
Begin MonoManager ReloadAssembly
Native extension for WindowsStandalone target not found
Refreshing native plugins compatible for Editor in 68.83 ms, found 1 plugins.
Preloading 0 native plugins for Editor in 0.00 ms.
Invoked RoslynAnalysisRunner static constructor.
RoslynAnalysisRunner will not be running.
RoslynAnalysisRunner has terminated.
Mono: successfully reloaded assembly
- Completed reload, in  1.682 seconds
Platform modules already initialized, skipping
========================================================================
Worker process is ready to serve import requests
Launched and connected shader compiler UnityShaderCompiler.exe after 0.08 seconds
Refreshing native plugins compatible for Editor in 0.80 ms, found 1 plugins.
Preloading 0 native plugins for Editor in 0.00 ms.
Unloading 1803 Unused Serialized files (Serialized files now loaded: 0)
System memory in use before: 86.4 MB.
System memory in use after: 86.3 MB.

Unloading 24 unused Assets to reduce memory usage. Loaded Objects now: 2244.
Total: 4.042600 ms (FindLiveObjects: 0.383400 ms CreateObjectMapping: 0.227200 ms MarkObjects: 3.240900 ms  DeleteObjects: 0.188800 ms)

========================================================================
Received Import Request.
  path: Assets/TextMesh Pro/Fonts/LiberationSans.ttf
  artifactKey: Guid(e3265ab4bf004d28a9537516768c1c75) Importer(815301076,1909f56bfc062723c751e8b465ee728b)
Start importing Assets/TextMesh Pro/Fonts/LiberationSans.ttf using Guid(e3265ab4bf004d28a9537516768c1c75) Importer(815301076,1909f56bfc062723c751e8b465ee728b)  -> (artifact id: '095451dfcde959feea87917167047daa') in 0.233475 seconds
  Import took 0.239335 seconds .

========================================================================
Received Import Request.
  Time since last request: 0.000254 seconds.
  path: Assets/Scary Halloween Font.ttf
  artifactKey: Guid(bf81b4119216c924aba71d66312f9e54) Importer(815301076,1909f56bfc062723c751e8b465ee728b)
Start importing Assets/Scary Halloween Font.ttf using Guid(bf81b4119216c924aba71d66312f9e54) Importer(815301076,1909f56bfc062723c751e8b465ee728b)  -> (artifact id: '2f95960adf5cac218129faef7bfe5efa') in 0.030771 seconds
  Import took 0.039392 seconds .

========================================================================
Received Import Request.
  Time since last request: 119.891699 seconds.
  path: Assets/New TMP Color Gradient.asset
  artifactKey: Guid(f1d703c493aa22b4586363e084242e45) Importer(815301076,1909f56bfc062723c751e8b465ee728b)
Start importing Assets/New TMP Color Gradient.asset using Guid(f1d703c493aa22b4586363e084242e45) Importer(815301076,1909f56bfc062723c751e8b465ee728b)  -> (artifact id: '75489533646b80f7801de0f88f502ab7') in 0.023933 seconds
  Import took 0.033656 seconds .

========================================================================
Received Import Request.
  Time since last request: 14.879196 seconds.
  path: Assets/Purple Gradient.asset
  artifactKey: Guid(f1d703c493aa22b4586363e084242e45) Importer(815301076,1909f56bfc062723c751e8b465ee728b)
Start importing Assets/Purple Gradient.asset using Guid(f1d703c493aa22b4586363e084242e45) Importer(815301076,1909f56bfc062723c751e8b465ee728b)  -> (artifact id: '3498e2af253f7c7fc45238ef4d2a196a') in 0.014848 seconds
  Import took 0.022427 seconds .

========================================================================
Received Import Request.
  Time since last request: 99.271978 seconds.
  path: Assets/Scenes/SampleScene.unity
  artifactKey: Guid(2cda990e2423bbf4892e6590ba056729) Importer(815301076,1909f56bfc062723c751e8b465ee728b)
Start importing Assets/Scenes/SampleScene.unity using Guid(2cda990e2423bbf4892e6590ba056729) Importer(815301076,1909f56bfc062723c751e8b465ee728b)  -> (artifact id: '893196ff7a36aac3aa09d03a8bf90a96') in 0.019506 seconds
  Import took 0.026026 seconds .

========================================================================
Received Import Request.
  Time since last request: 20.233466 seconds.
  path: Assets/Scenes/Platformer.unity
  artifactKey: Guid(c6d9d9ee5b46594428165be57434a5f2) Importer(815301076,1909f56bfc062723c751e8b465ee728b)
Start importing Assets/Scenes/Platformer.unity using Guid(c6d9d9ee5b46594428165be57434a5f2) Importer(815301076,1909f56bfc062723c751e8b465ee728b)  -> (artifact id: '8254df52148f52b9743a1f21c32f65ac') in 0.020872 seconds
  Import took 0.028094 seconds .

========================================================================
Received Import Request.
  Time since last request: 18.560200 seconds.
  path: Assets/Scenes/MainMenu.unity
  artifactKey: Guid(c1fbcffa789efb54888cbfbc328e0e3a) Importer(815301076,1909f56bfc062723c751e8b465ee728b)
Start importing Assets/Scenes/MainMenu.unity using Guid(c1fbcffa789efb54888cbfbc328e0e3a) Importer(815301076,1909f56bfc062723c751e8b465ee728b)  -> (artifact id: 'f55a9e2eeec43d68a3e6fedca9ddbc2a') in 0.014550 seconds
  Import took 0.020059 seconds .

========================================================================
Received Import Request.
  Time since last request: 15.081725 seconds.
  path: Assets/Scenes/FallingBirds.unity
  artifactKey: Guid(2cda990e2423bbf4892e6590ba056729) Importer(815301076,1909f56bfc062723c751e8b465ee728b)
Start importing Assets/Scenes/FallingBirds.unity using Guid(2cda990e2423bbf4892e6590ba056729) Importer(815301076,1909f56bfc062723c751e8b465ee728b)  -> (artifact id: '110c897819e14ea4c65811c7b8badb08') in 0.015031 seconds
  Import took 0.023629 seconds .

========================================================================
Received Import Request.
  Time since last request: 67.463338 seconds.
  path: Assets/Spritesheets/Zombie1/animation/Attack1.png
  artifactKey: Guid(ea0ea18f45ecd434090249d43471f2b3) Importer(815301076,1909f56bfc062723c751e8b465ee728b)
Start importing Assets/Spritesheets/Zombie1/animation/Attack1.png using Guid(ea0ea18f45ecd434090249d43471f2b3) Importer(815301076,1909f56bfc062723c751e8b465ee728b)  -> (artifact id: '6fa3650ab3fa42f986cc25a06f90ef9b') in 0.259797 seconds
  Import took 0.265036 seconds .

========================================================================
Received Import Request.
  Time since last request: 0.000260 seconds.
  path: Assets/Spritesheets/Zombie1/animation/Attack2.png
  artifactKey: Guid(e084b2939f1a82c4fa372831a1c68aaa) Importer(815301076,1909f56bfc062723c751e8b465ee728b)
Start importing Assets/Spritesheets/Zombie1/animation/Attack2.png using Guid(e084b2939f1a82c4fa372831a1c68aaa) Importer(815301076,1909f56bfc062723c751e8b465ee728b)  -> (artifact id: 'eed98fc31ae8f7b956d620a7b8c11be1') in 0.070508 seconds
  Import took 0.076747 seconds .

========================================================================
Received Import Request.
  Time since last request: 0.000277 seconds.
  path: Assets/Spritesheets/Zombie4/Attack5.png
  artifactKey: Guid(557cadb5a244cbd44815f2ea6e146aa2) Importer(815301076,1909f56bfc062723c751e8b465ee728b)
Start importing Assets/Spritesheets/Zombie4/Attack5.png using Guid(557cadb5a244cbd44815f2ea6e146aa2) Importer(815301076,1909f56bfc062723c751e8b465ee728b)  -> (artifact id: '81cdc0b0572bd0453404aefc16c68412') in 0.058812 seconds
  Import took 0.071102 seconds .

========================================================================
Received Import Request.
  Time since last request: 0.001354 seconds.
  path: Assets/Spritesheets/Zombie3/animation/Attack1.png
  artifactKey: Guid(95161a92d6c506040883e6e73ce650b9) Importer(815301076,1909f56bfc062723c751e8b465ee728b)
Start importing Assets/Spritesheets/Zombie3/animation/Attack1.png using Guid(95161a92d6c506040883e6e73ce650b9) Importer(815301076,1909f56bfc062723c751e8b465ee728b)  -> (artifact id: '05a87ef9215c8887b6f751c7fdaa04bd') in 0.048811 seconds
  Import took 0.055497 seconds .

========================================================================
Received Import Request.
  Time since last request: 0.000548 seconds.
  path: Assets/Spritesheets/Zombie4/Attack2.png
  artifactKey: Guid(3dfaf5337f9dac14d883bd695d90f507) Importer(815301076,1909f56bfc062723c751e8b465ee728b)
Start importing Assets/Spritesheets/Zombie4/Attack2.png using Guid(3dfaf5337f9dac14d883bd695d90f507) Importer(815301076,1909f56bfc062723c751e8b465ee728b)  -> (artifact id: '393f8ed81b07aa41eee25f1024773615') in 0.055540 seconds
  Import took 0.062399 seconds .

========================================================================
Received Import Request.
  Time since last request: 0.000235 seconds.
  path: Assets/Spritesheets/Zombie1/animation/Attack6.png
  artifactKey: Guid(a3b9e26aab53e4b4388a906badf24647) Importer(815301076,1909f56bfc062723c751e8b465ee728b)
Start importing Assets/Spritesheets/Zombie1/animation/Attack6.png using Guid(a3b9e26aab53e4b4388a906badf24647) Importer(815301076,1909f56bfc062723c751e8b465ee728b)  -> (artifact id: '673fb33b8e208de63363fafc0ded3361') in 0.073331 seconds
  Import took 0.085347 seconds .

========================================================================
Received Import Request.
  Time since last request: 0.001978 seconds.
  path: Assets/Spritesheets/Zombie1/animation/Attack1.png
  artifactKey: Guid(ea0ea18f45ecd434090249d43471f2b3) Importer(815301076,1909f56bfc062723c751e8b465ee728b)
Start importing Assets/Spritesheets/Zombie1/animation/Attack1.png using Guid(ea0ea18f45ecd434090249d43471f2b3) Importer(815301076,1909f56bfc062723c751e8b465ee728b)  -> (artifact id: '6fa3650ab3fa42f986cc25a06f90ef9b') in 0.021589 seconds
  Import took 0.028576 seconds .

========================================================================
Received Import Request.
  Time since last request: 0.000354 seconds.
  path: Assets/Spritesheets/Zombie2/animation/Attack1.png
  artifactKey: Guid(c9cb427b7c366da418a427aed7103c53) Importer(815301076,1909f56bfc062723c751e8b465ee728b)
Start importing Assets/Spritesheets/Zombie2/animation/Attack1.png using Guid(c9cb427b7c366da418a427aed7103c53) Importer(815301076,1909f56bfc062723c751e8b465ee728b)  -> (artifact id: '6040f6b04927728c2e5bb0dd955097d5') in 0.060024 seconds
  Import took 0.068710 seconds .

========================================================================
Received Import Request.
  Time since last request: 0.000277 seconds.
  path: Assets/Spritesheets/Zombie1/animation/Attack3.png
  artifactKey: Guid(9b230ddef59adc043aad5ab4b813c435) Importer(815301076,1909f56bfc062723c751e8b465ee728b)
Start importing Assets/Spritesheets/Zombie1/animation/Attack3.png using Guid(9b230ddef59adc043aad5ab4b813c435) Importer(815301076,1909f56bfc062723c751e8b465ee728b)  -> (artifact id: 'dcd2c35c837f521e7629dc52c878f0e2') in 0.063699 seconds
  Import took 0.070819 seconds .

========================================================================
Received Import Request.
  Time since last request: 0.000252 seconds.
  path: Assets/Spritesheets/Zombie2/animation/Attack5.png
  artifactKey: Guid(73ce5a2e4e26760428a9ac46faf926c9) Importer(815301076,1909f56bfc062723c751e8b465ee728b)
Start importing Assets/Spritesheets/Zombie2/animation/Attack5.png using Guid(73ce5a2e4e26760428a9ac46faf926c9) Importer(815301076,1909f56bfc062723c751e8b465ee728b)  -> (artifact id: '757821cacc31a67696a3a384ffced136') in 0.039258 seconds
  Import took 0.044074 seconds .

========================================================================
Received Import Request.
  Time since last request: 0.000267 seconds.
  path: Assets/Spritesheets/Zombie4/Attack4.png
  artifactKey: Guid(9eb23bd8b9b6a1645b5ecbd8100aba11) Importer(815301076,1909f56bfc062723c751e8b465ee728b)
Start importing Assets/Spritesheets/Zombie4/Attack4.png using Guid(9eb23bd8b9b6a1645b5ecbd8100aba11) Importer(815301076,1909f56bfc062723c751e8b465ee728b)  -> (artifact id: '41f4dd3056b215b637f379fc797d6d81') in 0.055266 seconds
  Import took 0.059797 seconds .

========================================================================
Received Import Request.
  Time since last request: 0.000320 seconds.
  path: Assets/Spritesheets/Zombie2/animation/Attack4.png
  artifactKey: Guid(c2440bc275a34fc4eb48fe7d7c495930) Importer(815301076,1909f56bfc062723c751e8b465ee728b)
Start importing Assets/Spritesheets/Zombie2/animation/Attack4.png using Guid(c2440bc275a34fc4eb48fe7d7c495930) Importer(815301076,1909f56bfc062723c751e8b465ee728b)  -> (artifact id: '86adfbac83c2c79a8de6fe223e5a3b7a') in 0.053434 seconds
  Import took 0.061084 seconds .

========================================================================
Received Import Request.
  Time since last request: 0.000334 seconds.
  path: Assets/Spritesheets/Zombie1/animation/Attack4.png
  artifactKey: Guid(55b40995e04ba424f9217113e616bd38) Importer(815301076,1909f56bfc062723c751e8b465ee728b)
Start importing Assets/Spritesheets/Zombie1/animation/Attack4.png using Guid(55b40995e04ba424f9217113e616bd38) Importer(815301076,1909f56bfc062723c751e8b465ee728b)  -> (artifact id: 'dd548a91295231d6084ce34d6db5f4d0') in 0.055506 seconds
  Import took 0.060464 seconds .

========================================================================
Received Import Request.
  Time since last request: 0.000225 seconds.
  path: Assets/Spritesheets/Zombie4/Attack6.png
  artifactKey: Guid(2411650eb15e51e449d04c654606c716) Importer(815301076,1909f56bfc062723c751e8b465ee728b)
Start importing Assets/Spritesheets/Zombie4/Attack6.png using Guid(2411650eb15e51e449d04c654606c716) Importer(815301076,1909f56bfc062723c751e8b465ee728b)  -> (artifact id: '9457f93a79fe787bd7bda55d5435503a') in 0.082129 seconds
  Import took 0.087827 seconds .

========================================================================
Received Import Request.
  Time since last request: 0.000453 seconds.
  path: Assets/Spritesheets/Zombie4/Attack1.png
  artifactKey: Guid(5e568284a9f9e784c920e0c949743e78) Importer(815301076,1909f56bfc062723c751e8b465ee728b)
Start importing Assets/Spritesheets/Zombie4/Attack1.png using Guid(5e568284a9f9e784c920e0c949743e78) Importer(815301076,1909f56bfc062723c751e8b465ee728b)  -> (artifact id: '07e701469f7e4d6625582f1ec142282e') in 0.105361 seconds
  Import took 0.110316 seconds .

========================================================================
Received Import Request.
  Time since last request: 0.000316 seconds.
  path: Assets/Spritesheets/Zombie1/animation/Attack5.png
  artifactKey: Guid(bb52ce04b4e8c3941a954a5cafcf8e58) Importer(815301076,1909f56bfc062723c751e8b465ee728b)
Start importing Assets/Spritesheets/Zombie1/animation/Attack5.png using Guid(bb52ce04b4e8c3941a954a5cafcf8e58) Importer(815301076,1909f56bfc062723c751e8b465ee728b)  -> (artifact id: 'f54b47a1d5581dcadcdf97a61f99fc07') in 0.064840 seconds
  Import took 0.069961 seconds .

========================================================================
Received Import Request.
  Time since last request: 0.000270 seconds.
  path: Assets/Spritesheets/Zombie2/animation/Attack6.png
  artifactKey: Guid(3cb2bb0f403b12f4ca57935611da82f5) Importer(815301076,1909f56bfc062723c751e8b465ee728b)
Start importing Assets/Spritesheets/Zombie2/animation/Attack6.png using Guid(3cb2bb0f403b12f4ca57935611da82f5) Importer(815301076,1909f56bfc062723c751e8b465ee728b)  -> (artifact id: '72fd399f02b7c8857fa86d35b6921b51') in 0.068883 seconds
  Import took 0.074375 seconds .

========================================================================
Received Import Request.
  Time since last request: 0.000294 seconds.
  path: Assets/Spritesheets/Zombie4/Attack3.png
  artifactKey: Guid(088a7cd692fe60847a625b0c40d2b208) Importer(815301076,1909f56bfc062723c751e8b465ee728b)
Start importing Assets/Spritesheets/Zombie4/Attack3.png using Guid(088a7cd692fe60847a625b0c40d2b208) Importer(815301076,1909f56bfc062723c751e8b465ee728b)  -> (artifact id: 'a89a65a8046d9b9a870378727214830d') in 0.057673 seconds
  Import took 0.064891 seconds .

========================================================================
Received Import Request.
  Time since last request: 0.000272 seconds.
  path: Assets/Spritesheets/Zombie2/animation/Attack2.png
  artifactKey: Guid(b016b5b27b4af324bae7ace7f4f1e948) Importer(815301076,1909f56bfc062723c751e8b465ee728b)
Start importing Assets/Spritesheets/Zombie2/animation/Attack2.png using Guid(b016b5b27b4af324bae7ace7f4f1e948) Importer(815301076,1909f56bfc062723c751e8b465ee728b)  -> (artifact id: 'eb566df03a5d0497963dcf65f40f6f7c') in 0.048287 seconds
  Import took 0.052888 seconds .

========================================================================
Received Import Request.
  Time since last request: 0.000234 seconds.
  path: Assets/Spritesheets/Zombie3/animation/Attack4.png
  artifactKey: Guid(7a9f3c988c0721d4f874f5db7ac9ab93) Importer(815301076,1909f56bfc062723c751e8b465ee728b)
Start importing Assets/Spritesheets/Zombie3/animation/Attack4.png using Guid(7a9f3c988c0721d4f874f5db7ac9ab93) Importer(815301076,1909f56bfc062723c751e8b465ee728b)  -> (artifact id: '5e5ce6ad9c2519f1797915e9807ec848') in 0.076995 seconds
  Import took 0.082182 seconds .

========================================================================
Received Import Request.
  Time since last request: 0.000285 seconds.
  path: Assets/Spritesheets/Zombie3/animation/Attack2.png
  artifactKey: Guid(e62879e313c46f14f828b4db105ebd26) Importer(815301076,1909f56bfc062723c751e8b465ee728b)
Start importing Assets/Spritesheets/Zombie3/animation/Attack2.png using Guid(e62879e313c46f14f828b4db105ebd26) Importer(815301076,1909f56bfc062723c751e8b465ee728b)  -> (artifact id: '6ebfa64b831fbc76a13149a38e200329') in 0.063355 seconds
  Import took 0.068032 seconds .

========================================================================
Received Import Request.
  Time since last request: 0.000255 seconds.
  path: Assets/Spritesheets/Zombie3/animation/Attack5.png
  artifactKey: Guid(a77ce7d03bba63141b113b4aaadc0d4d) Importer(815301076,1909f56bfc062723c751e8b465ee728b)
Start importing Assets/Spritesheets/Zombie3/animation/Attack5.png using Guid(a77ce7d03bba63141b113b4aaadc0d4d) Importer(815301076,1909f56bfc062723c751e8b465ee728b)  -> (artifact id: 'dd7e8b60d99d1a2c6782c29f8a8af6f6') in 0.110715 seconds
  Import took 0.116242 seconds .

========================================================================
Received Import Request.
  Time since last request: 0.000331 seconds.
  path: Assets/Spritesheets/Zombie2/animation/Attack3.png
  artifactKey: Guid(c11d7a4c45f0c014b8ceb20a069d713c) Importer(815301076,1909f56bfc062723c751e8b465ee728b)
Start importing Assets/Spritesheets/Zombie2/animation/Attack3.png using Guid(c11d7a4c45f0c014b8ceb20a069d713c) Importer(815301076,1909f56bfc062723c751e8b465ee728b)  -> (artifact id: '8ab891ef3fb5cb447b144772cc2e9bc7') in 0.050279 seconds
  Import took 0.057132 seconds .

========================================================================
Received Import Request.
  Time since last request: 0.000504 seconds.
  path: Assets/Spritesheets/Zombie3/animation/Attack3.png
  artifactKey: Guid(b7c873a25eb426e4f8a0506e5be5a9e3) Importer(815301076,1909f56bfc062723c751e8b465ee728b)
Start importing Assets/Spritesheets/Zombie3/animation/Attack3.png using Guid(b7c873a25eb426e4f8a0506e5be5a9e3) Importer(815301076,1909f56bfc062723c751e8b465ee728b)  -> (artifact id: 'c1cb2e6fbe79e0814c1f7fd1a0d48109') in 0.050242 seconds
  Import took 0.055643 seconds .

========================================================================
Received Import Request.
  Time since last request: 0.000278 seconds.
  path: Assets/Spritesheets/Zombie2/animation/Attack3.png
  artifactKey: Guid(c11d7a4c45f0c014b8ceb20a069d713c) Importer(815301076,1909f56bfc062723c751e8b465ee728b)
Start importing Assets/Spritesheets/Zombie2/animation/Attack3.png using Guid(c11d7a4c45f0c014b8ceb20a069d713c) Importer(815301076,1909f56bfc062723c751e8b465ee728b)  -> (artifact id: '8ab891ef3fb5cb447b144772cc2e9bc7') in 0.057679 seconds
  Import took 0.067360 seconds .

========================================================================
Received Import Request.
  Time since last request: 0.000358 seconds.
  path: Assets/Spritesheets/Zombie3/animation/Attack3.png
  artifactKey: Guid(b7c873a25eb426e4f8a0506e5be5a9e3) Importer(815301076,1909f56bfc062723c751e8b465ee728b)
Start importing Assets/Spritesheets/Zombie3/animation/Attack3.png using Guid(b7c873a25eb426e4f8a0506e5be5a9e3) Importer(815301076,1909f56bfc062723c751e8b465ee728b)  -> (artifact id: 'c1cb2e6fbe79e0814c1f7fd1a0d48109') in 0.036573 seconds
  Import took 0.044111 seconds .

========================================================================
Received Prepare
Registering precompiled user dll's ...
Registered in 0.001955 seconds.
Begin MonoManager ReloadAssembly
Native extension for WindowsStandalone target not found
Refreshing native plugins compatible for Editor in 0.80 ms, found 1 plugins.
Preloading 0 native plugins for Editor in 0.00 ms.
Invoked RoslynAnalysisRunner static constructor.
RoslynAnalysisRunner will not be running.
RoslynAnalysisRunner has terminated.
Mono: successfully reloaded assembly
- Completed reload, in  1.553 seconds
Platform modules already initialized, skipping
Refreshing native plugins compatible for Editor in 0.88 ms, found 1 plugins.
Preloading 0 native plugins for Editor in 0.00 ms.
Unloading 1786 Unused Serialized files (Serialized files now loaded: 0)
System memory in use before: 89.0 MB.
System memory in use after: 89.0 MB.

Unloading 12 unused Assets to reduce memory usage. Loaded Objects now: 2325.
Total: 4.452100 ms (FindLiveObjects: 0.427600 ms CreateObjectMapping: 0.439700 ms MarkObjects: 3.407500 ms  DeleteObjects: 0.175000 ms)

========================================================================
Received Prepare
Registering precompiled user dll's ...
Registered in 0.001174 seconds.
Begin MonoManager ReloadAssembly
Native extension for WindowsStandalone target not found
Refreshing native plugins compatible for Editor in 0.62 ms, found 1 plugins.
Preloading 0 native plugins for Editor in 0.00 ms.
Invoked RoslynAnalysisRunner static constructor.
RoslynAnalysisRunner will not be running.
RoslynAnalysisRunner has terminated.
Mono: successfully reloaded assembly
- Completed reload, in  1.522 seconds
Platform modules already initialized, skipping
Refreshing native plugins compatible for Editor in 0.52 ms, found 1 plugins.
Preloading 0 native plugins for Editor in 0.00 ms.
Unloading 1786 Unused Serialized files (Serialized files now loaded: 0)
System memory in use before: 89.2 MB.
System memory in use after: 89.2 MB.

Unloading 12 unused Assets to reduce memory usage. Loaded Objects now: 2328.
Total: 3.294700 ms (FindLiveObjects: 0.295400 ms CreateObjectMapping: 0.120200 ms MarkObjects: 2.720000 ms  DeleteObjects: 0.156100 ms)

========================================================================
Received Prepare
Registering precompiled user dll's ...
Registered in 0.001079 seconds.
Begin MonoManager ReloadAssembly
Native extension for WindowsStandalone target not found
Refreshing native plugins compatible for Editor in 0.73 ms, found 1 plugins.
Preloading 0 native plugins for Editor in 0.00 ms.
Invoked RoslynAnalysisRunner static constructor.
RoslynAnalysisRunner will not be running.
RoslynAnalysisRunner has terminated.
Mono: successfully reloaded assembly
- Completed reload, in  1.604 seconds
Platform modules already initialized, skipping
Refreshing native plugins compatible for Editor in 0.52 ms, found 1 plugins.
Preloading 0 native plugins for Editor in 0.00 ms.
Unloading 1786 Unused Serialized files (Serialized files now loaded: 0)
System memory in use before: 89.4 MB.
System memory in use after: 89.4 MB.

Unloading 12 unused Assets to reduce memory usage. Loaded Objects now: 2331.
Total: 2.605300 ms (FindLiveObjects: 0.239800 ms CreateObjectMapping: 0.125400 ms MarkObjects: 2.117800 ms  DeleteObjects: 0.120300 ms)

========================================================================
Received Prepare
Registering precompiled user dll's ...
Registered in 0.001380 seconds.
Begin MonoManager ReloadAssembly
Native extension for WindowsStandalone target not found
Refreshing native plugins compatible for Editor in 0.43 ms, found 1 plugins.
Preloading 0 native plugins for Editor in 0.00 ms.
Invoked RoslynAnalysisRunner static constructor.
RoslynAnalysisRunner will not be running.
RoslynAnalysisRunner has terminated.
Mono: successfully reloaded assembly
- Completed reload, in  1.514 seconds
Platform modules already initialized, skipping
Refreshing native plugins compatible for Editor in 0.64 ms, found 1 plugins.
Preloading 0 native plugins for Editor in 0.00 ms.
Unloading 1786 Unused Serialized files (Serialized files now loaded: 0)
System memory in use before: 89.6 MB.
System memory in use after: 89.6 MB.

Unloading 12 unused Assets to reduce memory usage. Loaded Objects now: 2334.
Total: 3.380100 ms (FindLiveObjects: 0.415100 ms CreateObjectMapping: 0.166500 ms MarkObjects: 2.655700 ms  DeleteObjects: 0.140800 ms)

========================================================================
Received Prepare
Registering precompiled user dll's ...
Registered in 0.001928 seconds.
Begin MonoManager ReloadAssembly
Native extension for WindowsStandalone target not found
Refreshing native plugins compatible for Editor in 0.92 ms, found 1 plugins.
Preloading 0 native plugins for Editor in 0.00 ms.
Invoked RoslynAnalysisRunner static constructor.
RoslynAnalysisRunner will not be running.
RoslynAnalysisRunner has terminated.
Mono: successfully reloaded assembly
- Completed reload, in  1.983 seconds
Platform modules already initialized, skipping
Refreshing native plugins compatible for Editor in 0.97 ms, found 1 plugins.
Preloading 0 native plugins for Editor in 0.00 ms.
Unloading 1789 Unused Serialized files (Serialized files now loaded: 0)
System memory in use before: 89.8 MB.
System memory in use after: 89.8 MB.

Unloading 12 unused Assets to reduce memory usage. Loaded Objects now: 2337.
Total: 3.308900 ms (FindLiveObjects: 0.352700 ms CreateObjectMapping: 0.126200 ms MarkObjects: 2.681400 ms  DeleteObjects: 0.146600 ms)

========================================================================
Received Prepare
Refreshing native plugins compatible for Editor in 2.23 ms, found 1 plugins.
Preloading 0 native plugins for Editor in 0.00 ms.
Unloading 10 Unused Serialized files (Serialized files now loaded: 0)
System memory in use before: 54.7 MB.
System memory in use after: 54.7 MB.

Unloading 10 unused Assets to reduce memory usage. Loaded Objects now: 2337.
Total: 2.542100 ms (FindLiveObjects: 0.274300 ms CreateObjectMapping: 0.085400 ms MarkObjects: 2.065500 ms  DeleteObjects: 0.114300 ms)

========================================================================
Received Import Request.
  Time since last request: 1503.206542 seconds.
  path: Assets/Scenes/MainMenu.unity
  artifactKey: Guid(c1fbcffa789efb54888cbfbc328e0e3a) Importer(815301076,1909f56bfc062723c751e8b465ee728b)
Start importing Assets/Scenes/MainMenu.unity using Guid(c1fbcffa789efb54888cbfbc328e0e3a) Importer(815301076,1909f56bfc062723c751e8b465ee728b)  -> (artifact id: 'e51e8d774233a2951348a66ed493372b') in 0.026831 seconds
  Import took 0.034952 seconds .

========================================================================
Received Prepare
Registering precompiled user dll's ...
Registered in 0.004731 seconds.
Begin MonoManager ReloadAssembly
Native extension for WindowsStandalone target not found
Refreshing native plugins compatible for Editor in 1.09 ms, found 1 plugins.
Preloading 0 native plugins for Editor in 0.00 ms.
Invoked RoslynAnalysisRunner static constructor.
RoslynAnalysisRunner will not be running.
RoslynAnalysisRunner has terminated.
Mono: successfully reloaded assembly
- Completed reload, in  1.667 seconds
Platform modules already initialized, skipping
Refreshing native plugins compatible for Editor in 0.72 ms, found 1 plugins.
Preloading 0 native plugins for Editor in 0.00 ms.
Unloading 1786 Unused Serialized files (Serialized files now loaded: 0)
System memory in use before: 90.1 MB.
System memory in use after: 90.1 MB.

Unloading 12 unused Assets to reduce memory usage. Loaded Objects now: 2340.
Total: 3.404700 ms (FindLiveObjects: 0.267100 ms CreateObjectMapping: 0.087300 ms MarkObjects: 2.855400 ms  DeleteObjects: 0.191900 ms)

========================================================================
Received Import Request.
  Time since last request: 79.472008 seconds.
  path: Assets/Spritesheets/Zombie4/Hurt4.png
  artifactKey: Guid(d476f8ace0c5807418586ef9b58d1f40) Importer(815301076,1909f56bfc062723c751e8b465ee728b)
Start importing Assets/Spritesheets/Zombie4/Hurt4.png using Guid(d476f8ace0c5807418586ef9b58d1f40) Importer(815301076,1909f56bfc062723c751e8b465ee728b)  -> (artifact id: '7a592eeb693df67572cf9d53b6d035ac') in 0.194459 seconds
  Import took 0.204858 seconds .

========================================================================
Received Import Request.
  Time since last request: 0.000241 seconds.
  path: Assets/Spritesheets/Zombie4/Idle2.png
  artifactKey: Guid(b4c8adbae4a949946856224a18995079) Importer(815301076,1909f56bfc062723c751e8b465ee728b)
Start importing Assets/Spritesheets/Zombie4/Idle2.png using Guid(b4c8adbae4a949946856224a18995079) Importer(815301076,1909f56bfc062723c751e8b465ee728b)  -> (artifact id: '012b0e3b1ef7ca7587f20a83a029638d') in 0.077497 seconds
  Import took 0.081661 seconds .

========================================================================
Received Import Request.
  Time since last request: 0.000297 seconds.
  path: Assets/Spritesheets/Zombie4/Idle1.png
  artifactKey: Guid(eb983b4ac468ac64e8a0e7b36211405b) Importer(815301076,1909f56bfc062723c751e8b465ee728b)
Start importing Assets/Spritesheets/Zombie4/Idle1.png using Guid(eb983b4ac468ac64e8a0e7b36211405b) Importer(815301076,1909f56bfc062723c751e8b465ee728b)  -> (artifact id: '87b518ad6d5876ba90fd3bbdf686d3b7') in 0.041937 seconds
  Import took 0.048359 seconds .

========================================================================
Received Import Request.
  Time since last request: 0.000345 seconds.
  path: Assets/Spritesheets/Zombie3/animation/Idle4.png
  artifactKey: Guid(2cf5319bc6b36e04ba0970089ba1e115) Importer(815301076,1909f56bfc062723c751e8b465ee728b)
Start importing Assets/Spritesheets/Zombie3/animation/Idle4.png using Guid(2cf5319bc6b36e04ba0970089ba1e115) Importer(815301076,1909f56bfc062723c751e8b465ee728b)  -> (artifact id: '64eae45cb398cff7f1bf2703d30a185e') in 0.079487 seconds
  Import took 0.086461 seconds .

========================================================================
Received Import Request.
  Time since last request: 0.000291 seconds.
  path: Assets/Spritesheets/Zombie2/animation/Idle2.png
  artifactKey: Guid(f2e00261bcd19264e8718398949b246f) Importer(815301076,1909f56bfc062723c751e8b465ee728b)
Start importing Assets/Spritesheets/Zombie2/animation/Idle2.png using Guid(f2e00261bcd19264e8718398949b246f) Importer(815301076,1909f56bfc062723c751e8b465ee728b)  -> (artifact id: 'f122ed3276d038f236cce979dd74c885') in 0.057694 seconds
  Import took 0.063533 seconds .

========================================================================
Received Import Request.
  Time since last request: 0.000249 seconds.
  path: Assets/Spritesheets/Zombie3/animation/Idle2.png
  artifactKey: Guid(1a1bc7cc9fe33ea4488fcb3dcbbf4d35) Importer(815301076,1909f56bfc062723c751e8b465ee728b)
Start importing Assets/Spritesheets/Zombie3/animation/Idle2.png using Guid(1a1bc7cc9fe33ea4488fcb3dcbbf4d35) Importer(815301076,1909f56bfc062723c751e8b465ee728b)  -> (artifact id: '9efe1c4fe8f2d83cc419461808dd5de3') in 0.061123 seconds
  Import took 0.068056 seconds .

========================================================================
Received Import Request.
  Time since last request: 0.000263 seconds.
  path: Assets/Spritesheets/Zombie1/animation/Idle2.png
  artifactKey: Guid(9ebb7b2825c500f4d8c588c9720a0cc9) Importer(815301076,1909f56bfc062723c751e8b465ee728b)
Start importing Assets/Spritesheets/Zombie1/animation/Idle2.png using Guid(9ebb7b2825c500f4d8c588c9720a0cc9) Importer(815301076,1909f56bfc062723c751e8b465ee728b)  -> (artifact id: '395775ecf1f08ca8e9ed997e8588367a') in 0.051178 seconds
  Import took 0.058780 seconds .

========================================================================
Received Import Request.
  Time since last request: 0.000364 seconds.
  path: Assets/Spritesheets/Zombie2/animation/Idle3.png
  artifactKey: Guid(a52d95778d24eee4c98e8da03899c59e) Importer(815301076,1909f56bfc062723c751e8b465ee728b)
Start importing Assets/Spritesheets/Zombie2/animation/Idle3.png using Guid(a52d95778d24eee4c98e8da03899c59e) Importer(815301076,1909f56bfc062723c751e8b465ee728b)  -> (artifact id: '47b448c0c21b0a7b85a07c404cfd6cdc') in 0.054239 seconds
  Import took 0.059027 seconds .

========================================================================
Received Import Request.
  Time since last request: 0.000242 seconds.
  path: Assets/Spritesheets/Zombie1/animation/Idle3.png
  artifactKey: Guid(c0d3db16f60dea7488a57683703a2c37) Importer(815301076,1909f56bfc062723c751e8b465ee728b)
Start importing Assets/Spritesheets/Zombie1/animation/Idle3.png using Guid(c0d3db16f60dea7488a57683703a2c37) Importer(815301076,1909f56bfc062723c751e8b465ee728b)  -> (artifact id: '847e93d7e30c8157f1d4338375aa8e03') in 0.042572 seconds
  Import took 0.047824 seconds .

========================================================================
Received Import Request.
  Time since last request: 0.000244 seconds.
  path: Assets/Spritesheets/Zombie2/animation/Hurt5.png
  artifactKey: Guid(24dabb72f57888f408fc624520a57ab7) Importer(815301076,1909f56bfc062723c751e8b465ee728b)
Start importing Assets/Spritesheets/Zombie2/animation/Hurt5.png using Guid(24dabb72f57888f408fc624520a57ab7) Importer(815301076,1909f56bfc062723c751e8b465ee728b)  -> (artifact id: 'ae0156c52954a5c24d2e20898981fed4') in 0.058802 seconds
  Import took 0.062842 seconds .

========================================================================
Received Import Request.
  Time since last request: 0.000278 seconds.
  path: Assets/Spritesheets/Zombie3/animation/Hurt5.png
  artifactKey: Guid(3a53fce435cec184188ff35e4c5dae7a) Importer(815301076,1909f56bfc062723c751e8b465ee728b)
Start importing Assets/Spritesheets/Zombie3/animation/Hurt5.png using Guid(3a53fce435cec184188ff35e4c5dae7a) Importer(815301076,1909f56bfc062723c751e8b465ee728b)  -> (artifact id: '08219e4676e8031437f4f4f1b51aa3d7') in 0.044982 seconds
  Import took 0.049570 seconds .

========================================================================
Received Import Request.
  Time since last request: 0.000280 seconds.
  path: Assets/Spritesheets/Zombie1/animation/Hurt5.png
  artifactKey: Guid(056837e847c81ae4fb8f708323fee09f) Importer(815301076,1909f56bfc062723c751e8b465ee728b)
Start importing Assets/Spritesheets/Zombie1/animation/Hurt5.png using Guid(056837e847c81ae4fb8f708323fee09f) Importer(815301076,1909f56bfc062723c751e8b465ee728b)  -> (artifact id: '4ca44fd72d3c3543093d06786ac41c8f') in 0.076128 seconds
  Import took 0.081540 seconds .

========================================================================
Received Import Request.
  Time since last request: 0.000248 seconds.
  path: Assets/Spritesheets/Zombie4/Hurt5.png
  artifactKey: Guid(6ef63fb7474c50841a7a864cb9ad4621) Importer(815301076,1909f56bfc062723c751e8b465ee728b)
Start importing Assets/Spritesheets/Zombie4/Hurt5.png using Guid(6ef63fb7474c50841a7a864cb9ad4621) Importer(815301076,1909f56bfc062723c751e8b465ee728b)  -> (artifact id: '483743b5ac3e1e0f285916977875c900') in 0.059362 seconds
  Import took 0.063636 seconds .

========================================================================
Received Import Request.
  Time since last request: 0.000272 seconds.
  path: Assets/Spritesheets/Zombie2/animation/Idle4.png
  artifactKey: Guid(430f914bab3f0c54382884961d3208eb) Importer(815301076,1909f56bfc062723c751e8b465ee728b)
Start importing Assets/Spritesheets/Zombie2/animation/Idle4.png using Guid(430f914bab3f0c54382884961d3208eb) Importer(815301076,1909f56bfc062723c751e8b465ee728b)  -> (artifact id: '04f28a7958fa90717f3069170422bea7') in 0.045672 seconds
  Import took 0.050383 seconds .

========================================================================
Received Import Request.
  Time since last request: 0.000354 seconds.
  path: Assets/Spritesheets/Zombie3/animation/Idle1.png
  artifactKey: Guid(64c8360522850474eb2a0cc870c8fd68) Importer(815301076,1909f56bfc062723c751e8b465ee728b)
Start importing Assets/Spritesheets/Zombie3/animation/Idle1.png using Guid(64c8360522850474eb2a0cc870c8fd68) Importer(815301076,1909f56bfc062723c751e8b465ee728b)  -> (artifact id: '62da54e7050d9fbaf023b5a0fd7a699c') in 0.052088 seconds
  Import took 0.056520 seconds .

========================================================================
Received Import Request.
  Time since last request: 0.000269 seconds.
  path: Assets/Spritesheets/Zombie4/Idle4.png
  artifactKey: Guid(4bbaec931e93381458ab105cc61b025a) Importer(815301076,1909f56bfc062723c751e8b465ee728b)
Start importing Assets/Spritesheets/Zombie4/Idle4.png using Guid(4bbaec931e93381458ab105cc61b025a) Importer(815301076,1909f56bfc062723c751e8b465ee728b)  -> (artifact id: '337df27d4cfd9d0887d0f9cf196cd252') in 0.048656 seconds
  Import took 0.054282 seconds .

========================================================================
Received Import Request.
  Time since last request: 0.000420 seconds.
  path: Assets/Spritesheets/Zombie3/animation/Idle1.png
  artifactKey: Guid(64c8360522850474eb2a0cc870c8fd68) Importer(815301076,1909f56bfc062723c751e8b465ee728b)
Start importing Assets/Spritesheets/Zombie3/animation/Idle1.png using Guid(64c8360522850474eb2a0cc870c8fd68) Importer(815301076,1909f56bfc062723c751e8b465ee728b)  -> (artifact id: '62da54e7050d9fbaf023b5a0fd7a699c') in 0.022316 seconds
  Import took 0.029715 seconds .

========================================================================
Received Import Request.
  Time since last request: 0.000526 seconds.
  path: Assets/Spritesheets/Zombie3/animation/Idle3.png
  artifactKey: Guid(5edec8751560f5c4492c7605e8c4470d) Importer(815301076,1909f56bfc062723c751e8b465ee728b)
Start importing Assets/Spritesheets/Zombie3/animation/Idle3.png using Guid(5edec8751560f5c4492c7605e8c4470d) Importer(815301076,1909f56bfc062723c751e8b465ee728b)  -> (artifact id: '8c3bbaeef0f51545d5db671530bcbfae') in 0.036078 seconds
  Import took 0.043611 seconds .

========================================================================
Received Import Request.
  Time since last request: 0.000265 seconds.
  path: Assets/Spritesheets/Zombie2/animation/Idle1.png
  artifactKey: Guid(11e0ed1bf058abd43a22821c60388c03) Importer(815301076,1909f56bfc062723c751e8b465ee728b)
Start importing Assets/Spritesheets/Zombie2/animation/Idle1.png using Guid(11e0ed1bf058abd43a22821c60388c03) Importer(815301076,1909f56bfc062723c751e8b465ee728b)  -> (artifact id: '221cb0dc34a748cc64a81c224d99b3f9') in 0.073937 seconds
  Import took 0.078547 seconds .

========================================================================
Received Import Request.
  Time since last request: 0.000282 seconds.
  path: Assets/Spritesheets/Zombie1/animation/Idle4.png
  artifactKey: Guid(1bf0025d6d785c1499b23b6400bfff41) Importer(815301076,1909f56bfc062723c751e8b465ee728b)
Start importing Assets/Spritesheets/Zombie1/animation/Idle4.png using Guid(1bf0025d6d785c1499b23b6400bfff41) Importer(815301076,1909f56bfc062723c751e8b465ee728b)  -> (artifact id: 'a89a06955075dbd4d94a0e32dd56280d') in 0.065141 seconds
  Import took 0.069485 seconds .

========================================================================
Received Import Request.
  Time since last request: 0.000251 seconds.
  path: Assets/Spritesheets/Zombie4/Hurt4.png
  artifactKey: Guid(d476f8ace0c5807418586ef9b58d1f40) Importer(815301076,1909f56bfc062723c751e8b465ee728b)
Start importing Assets/Spritesheets/Zombie4/Hurt4.png using Guid(d476f8ace0c5807418586ef9b58d1f40) Importer(815301076,1909f56bfc062723c751e8b465ee728b)  -> (artifact id: '7a592eeb693df67572cf9d53b6d035ac') in 0.025873 seconds
  Import took 0.032027 seconds .

========================================================================
Received Import Request.
  Time since last request: 0.000238 seconds.
  path: Assets/Spritesheets/Zombie4/Idle3.png
  artifactKey: Guid(bbcd95a5ed6dda64594a65529cedc69d) Importer(815301076,1909f56bfc062723c751e8b465ee728b)
Start importing Assets/Spritesheets/Zombie4/Idle3.png using Guid(bbcd95a5ed6dda64594a65529cedc69d) Importer(815301076,1909f56bfc062723c751e8b465ee728b)  -> (artifact id: 'eec5cbaa3431e1c91d32451958d2314d') in 0.071636 seconds
  Import took 0.079397 seconds .

========================================================================
Received Import Request.
  Time since last request: 0.000396 seconds.
  path: Assets/Spritesheets/Zombie1/animation/Idle1.png
  artifactKey: Guid(fbd63f292b33519479f9c6e80976ed70) Importer(815301076,1909f56bfc062723c751e8b465ee728b)
Start importing Assets/Spritesheets/Zombie1/animation/Idle1.png using Guid(fbd63f292b33519479f9c6e80976ed70) Importer(815301076,1909f56bfc062723c751e8b465ee728b)  -> (artifact id: '56ea3c13acb79046aca9408e3ee1f8a4') in 0.102301 seconds
  Import took 0.107782 seconds .

========================================================================
Received Import Request.
  Time since last request: 21.804603 seconds.
  path: Assets/Spritesheets/Zombie1/animation/Idle1.png
  artifactKey: Guid(fbd63f292b33519479f9c6e80976ed70) Importer(815301076,1909f56bfc062723c751e8b465ee728b)
Start importing Assets/Spritesheets/Zombie1/animation/Idle1.png using Guid(fbd63f292b33519479f9c6e80976ed70) Importer(815301076,1909f56bfc062723c751e8b465ee728b)  -> (artifact id: 'b3bd26e6d717b9fcfbb2c6d057b20663') in 0.029858 seconds
  Import took 0.035479 seconds .

========================================================================
Received Import Request.
  Time since last request: 48.160131 seconds.
  path: Assets/Spritesheets/Zombie1/animation/Idle1.png
  artifactKey: Guid(fbd63f292b33519479f9c6e80976ed70) Importer(815301076,1909f56bfc062723c751e8b465ee728b)
Start importing Assets/Spritesheets/Zombie1/animation/Idle1.png using Guid(fbd63f292b33519479f9c6e80976ed70) Importer(815301076,1909f56bfc062723c751e8b465ee728b)  -> (artifact id: '5355c7b670fe9099c6dec813d660d3d9') in 0.025779 seconds
  Import took 0.032425 seconds .

========================================================================
Received Import Request.
  Time since last request: 813.946628 seconds.
  path: ProjectSettings/TagManager.asset
  artifactKey: Guid(00000000000000003000000000000000) Importer(815301076,1909f56bfc062723c751e8b465ee728b)
Start importing ProjectSettings/TagManager.asset using Guid(00000000000000003000000000000000) Importer(815301076,1909f56bfc062723c751e8b465ee728b)  -> (artifact id: '3bb84b5acd9eed544eed2f903e5bfbb8') in 0.023744 seconds
  Import took 0.032805 seconds .

========================================================================
Received Import Request.
  Time since last request: 0.001101 seconds.
  path: ProjectSettings/TagManager.asset
  artifactKey: Guid(00000000000000003000000000000000) Importer(815301076,1909f56bfc062723c751e8b465ee728b)
Start importing ProjectSettings/TagManager.asset using Guid(00000000000000003000000000000000) Importer(815301076,1909f56bfc062723c751e8b465ee728b)  -> (artifact id: '3bb84b5acd9eed544eed2f903e5bfbb8') in 0.010533 seconds
  Import took 0.015577 seconds .

========================================================================
Received Prepare
Registering precompiled user dll's ...
Registered in 0.001689 seconds.
Begin MonoManager ReloadAssembly
Native extension for WindowsStandalone target not found
Refreshing native plugins compatible for Editor in 0.74 ms, found 1 plugins.
Preloading 0 native plugins for Editor in 0.00 ms.
Invoked RoslynAnalysisRunner static constructor.
RoslynAnalysisRunner will not be running.
RoslynAnalysisRunner has terminated.
Mono: successfully reloaded assembly
- Completed reload, in  1.619 seconds
Platform modules already initialized, skipping
Refreshing native plugins compatible for Editor in 0.72 ms, found 1 plugins.
Preloading 0 native plugins for Editor in 0.00 ms.
Unloading 1786 Unused Serialized files (Serialized files now loaded: 0)
System memory in use before: 90.3 MB.
System memory in use after: 90.3 MB.

Unloading 14 unused Assets to reduce memory usage. Loaded Objects now: 2362.
Total: 7.813900 ms (FindLiveObjects: 2.287200 ms CreateObjectMapping: 0.331300 ms MarkObjects: 4.982600 ms  DeleteObjects: 0.210500 ms)

========================================================================
Received Prepare
Registering precompiled user dll's ...
Registered in 0.001521 seconds.
Begin MonoManager ReloadAssembly
Native extension for WindowsStandalone target not found
Refreshing native plugins compatible for Editor in 0.57 ms, found 1 plugins.
Preloading 0 native plugins for Editor in 0.00 ms.
Invoked RoslynAnalysisRunner static constructor.
RoslynAnalysisRunner will not be running.
RoslynAnalysisRunner has terminated.
Mono: successfully reloaded assembly
- Completed reload, in  1.560 seconds
Platform modules already initialized, skipping
Refreshing native plugins compatible for Editor in 0.51 ms, found 1 plugins.
Preloading 0 native plugins for Editor in 0.00 ms.
Unloading 1786 Unused Serialized files (Serialized files now loaded: 0)
System memory in use before: 90.5 MB.
System memory in use after: 90.5 MB.

Unloading 12 unused Assets to reduce memory usage. Loaded Objects now: 2365.
Total: 3.410600 ms (FindLiveObjects: 0.253400 ms CreateObjectMapping: 0.090600 ms MarkObjects: 2.903500 ms  DeleteObjects: 0.147700 ms)

========================================================================
Received Prepare
Registering precompiled user dll's ...
Registered in 0.006903 seconds.
Begin MonoManager ReloadAssembly
Native extension for WindowsStandalone target not found
Refreshing native plugins compatible for Editor in 1.08 ms, found 1 plugins.
Preloading 0 native plugins for Editor in 0.00 ms.
Invoked RoslynAnalysisRunner static constructor.
RoslynAnalysisRunner will not be running.
RoslynAnalysisRunner has terminated.
Mono: successfully reloaded assembly
- Completed reload, in  3.043 seconds
Platform modules already initialized, skipping
Refreshing native plugins compatible for Editor in 0.54 ms, found 1 plugins.
Preloading 0 native plugins for Editor in 0.00 ms.
Unloading 1787 Unused Serialized files (Serialized files now loaded: 0)
System memory in use before: 90.6 MB.
System memory in use after: 90.6 MB.

Unloading 12 unused Assets to reduce memory usage. Loaded Objects now: 2369.
Total: 3.062800 ms (FindLiveObjects: 0.382500 ms CreateObjectMapping: 0.193500 ms MarkObjects: 2.315100 ms  DeleteObjects: 0.168400 ms)

========================================================================
Received Prepare
Registering precompiled user dll's ...
Registered in 0.001144 seconds.
Begin MonoManager ReloadAssembly
Native extension for WindowsStandalone target not found
Refreshing native plugins compatible for Editor in 0.60 ms, found 1 plugins.
Preloading 0 native plugins for Editor in 0.00 ms.
Invoked RoslynAnalysisRunner static constructor.
RoslynAnalysisRunner will not be running.
RoslynAnalysisRunner has terminated.
Mono: successfully reloaded assembly
- Completed reload, in  1.691 seconds
Platform modules already initialized, skipping
Refreshing native plugins compatible for Editor in 1.00 ms, found 1 plugins.
Preloading 0 native plugins for Editor in 0.00 ms.
Unloading 1787 Unused Serialized files (Serialized files now loaded: 0)
System memory in use before: 90.8 MB.
System memory in use after: 90.8 MB.

Unloading 12 unused Assets to reduce memory usage. Loaded Objects now: 2372.
Total: 3.167000 ms (FindLiveObjects: 0.540800 ms CreateObjectMapping: 0.182000 ms MarkObjects: 2.311600 ms  DeleteObjects: 0.130400 ms)

========================================================================
Received Prepare
Registering precompiled user dll's ...
Registered in 0.001095 seconds.
Begin MonoManager ReloadAssembly
Native extension for WindowsStandalone target not found
Refreshing native plugins compatible for Editor in 0.61 ms, found 1 plugins.
Preloading 0 native plugins for Editor in 0.00 ms.
Invoked RoslynAnalysisRunner static constructor.
RoslynAnalysisRunner will not be running.
RoslynAnalysisRunner has terminated.
Mono: successfully reloaded assembly
- Completed reload, in  1.763 seconds
Platform modules already initialized, skipping
Refreshing native plugins compatible for Editor in 0.67 ms, found 1 plugins.
Preloading 0 native plugins for Editor in 0.00 ms.
Unloading 1788 Unused Serialized files (Serialized files now loaded: 0)
System memory in use before: 90.9 MB.
System memory in use after: 90.9 MB.

Unloading 12 unused Assets to reduce memory usage. Loaded Objects now: 2376.
Total: 3.204200 ms (FindLiveObjects: 0.569000 ms CreateObjectMapping: 0.229400 ms MarkObjects: 2.276900 ms  DeleteObjects: 0.126300 ms)

========================================================================
Received Prepare
Registering precompiled user dll's ...
Registered in 0.001508 seconds.
Begin MonoManager ReloadAssembly
Native extension for WindowsStandalone target not found
Refreshing native plugins compatible for Editor in 0.59 ms, found 1 plugins.
Preloading 0 native plugins for Editor in 0.00 ms.
Invoked RoslynAnalysisRunner static constructor.
RoslynAnalysisRunner will not be running.
RoslynAnalysisRunner has terminated.
Mono: successfully reloaded assembly
- Completed reload, in  1.644 seconds
Platform modules already initialized, skipping
Refreshing native plugins compatible for Editor in 0.45 ms, found 1 plugins.
Preloading 0 native plugins for Editor in 0.00 ms.
Unloading 1788 Unused Serialized files (Serialized files now loaded: 0)
System memory in use before: 90.1 MB.
System memory in use after: 90.2 MB.

Unloading 12 unused Assets to reduce memory usage. Loaded Objects now: 2379.
Total: 3.013800 ms (FindLiveObjects: 0.529300 ms CreateObjectMapping: 0.277800 ms MarkObjects: 2.084300 ms  DeleteObjects: 0.120000 ms)

========================================================================
Received Prepare
Registering precompiled user dll's ...
Registered in 0.002068 seconds.
Begin MonoManager ReloadAssembly
Native extension for WindowsStandalone target not found
Refreshing native plugins compatible for Editor in 0.51 ms, found 1 plugins.
Preloading 0 native plugins for Editor in 0.00 ms.
Invoked RoslynAnalysisRunner static constructor.
RoslynAnalysisRunner will not be running.
RoslynAnalysisRunner has terminated.
Mono: successfully reloaded assembly
- Completed reload, in  1.531 seconds
Platform modules already initialized, skipping
Refreshing native plugins compatible for Editor in 0.63 ms, found 1 plugins.
Preloading 0 native plugins for Editor in 0.00 ms.
Unloading 1788 Unused Serialized files (Serialized files now loaded: 0)
System memory in use before: 90.3 MB.
System memory in use after: 90.3 MB.

Unloading 12 unused Assets to reduce memory usage. Loaded Objects now: 2382.
Total: 4.531700 ms (FindLiveObjects: 0.815500 ms CreateObjectMapping: 0.226200 ms MarkObjects: 3.362800 ms  DeleteObjects: 0.125100 ms)

========================================================================
Received Prepare
Registering precompiled user dll's ...
Registered in 0.002018 seconds.
Begin MonoManager ReloadAssembly
Native extension for WindowsStandalone target not found
Refreshing native plugins compatible for Editor in 1.04 ms, found 1 plugins.
Preloading 0 native plugins for Editor in 0.00 ms.
Invoked RoslynAnalysisRunner static constructor.
RoslynAnalysisRunner will not be running.
RoslynAnalysisRunner has terminated.
Mono: successfully reloaded assembly
- Completed reload, in  1.895 seconds
Platform modules already initialized, skipping
Refreshing native plugins compatible for Editor in 0.66 ms, found 1 plugins.
Preloading 0 native plugins for Editor in 0.00 ms.
Unloading 1788 Unused Serialized files (Serialized files now loaded: 0)
System memory in use before: 90.5 MB.
System memory in use after: 90.5 MB.

Unloading 12 unused Assets to reduce memory usage. Loaded Objects now: 2385.
Total: 5.668400 ms (FindLiveObjects: 0.433100 ms CreateObjectMapping: 0.166300 ms MarkObjects: 4.922100 ms  DeleteObjects: 0.145100 ms)

========================================================================
Received Prepare
Registering precompiled user dll's ...
Registered in 0.001425 seconds.
Begin MonoManager ReloadAssembly
Native extension for WindowsStandalone target not found
Refreshing native plugins compatible for Editor in 0.82 ms, found 1 plugins.
Preloading 0 native plugins for Editor in 0.00 ms.
Invoked RoslynAnalysisRunner static constructor.
RoslynAnalysisRunner will not be running.
RoslynAnalysisRunner has terminated.
Mono: successfully reloaded assembly
- Completed reload, in  1.559 seconds
Platform modules already initialized, skipping
Refreshing native plugins compatible for Editor in 0.86 ms, found 1 plugins.
Preloading 0 native plugins for Editor in 0.00 ms.
Unloading 1788 Unused Serialized files (Serialized files now loaded: 0)
System memory in use before: 90.6 MB.
System memory in use after: 90.6 MB.

Unloading 12 unused Assets to reduce memory usage. Loaded Objects now: 2388.
Total: 2.889600 ms (FindLiveObjects: 0.280100 ms CreateObjectMapping: 0.129400 ms MarkObjects: 2.317700 ms  DeleteObjects: 0.160200 ms)

AssetImportWorkerClient::OnTransportError - code=2 error=End of file
