Using pre-set license
Built from '2021.1/release' branch; Version is '2021.1.1f1 (6fdc41dfa55a) revision 7330881'; Using compiler version '192528614'; Build Type 'Release'
OS: 'Windows 10 Home; OS build 19042.867; Version 2009; 64bit' Language: 'en' Physical Memory: 32703 MB
BatchMode: 1, IsHumanControllingUs: 0, StartBugReporterOnCrash: 0, Is64bit: 1, IsPro: 0

 COMMAND LINE ARGUMENTS:
C:\Program Files\Unity\Hub\Editor\2021.1.1f1\Editor\Unity.exe
-adb2
-batchMode
-noUpm
-name
AssetImportWorker0
-projectPath
D:/CSCI4160U_testout/Shaders_EnergyShield
-logFile
Logs/AssetImportWorker0.log
-srvPort
49977
Successfully changed project path to: D:/CSCI4160U_testout/Shaders_EnergyShield
D:/CSCI4160U_testout/Shaders_EnergyShield
Using Asset Import Pipeline V2.
Refreshing native plugins compatible for Editor in 129.02 ms, found 1 plugins.
Preloading 0 native plugins for Editor in 0.00 ms.
Initialize engine version: 2021.1.1f1 (6fdc41dfa55a)
[Subsystems] Discovering subsystems at path C:/Program Files/Unity/Hub/Editor/2021.1.1f1/Editor/Data/Resources/UnitySubsystems
[Subsystems] Discovering subsystems at path D:/CSCI4160U_testout/Shaders_EnergyShield/Assets
GfxDevice: creating device client; threaded=0; jobified=0
Direct3D:
    Version:  Direct3D 11.0 [level 11.1]
    Renderer: NVIDIA GeForce GTX 1070 (ID=0x1be1)
    Vendor:   NVIDIA
    VRAM:     8081 MB
    Driver:   27.21.14.5709
Initialize mono
Mono path[0] = 'C:/Program Files/Unity/Hub/Editor/2021.1.1f1/Editor/Data/Managed'
Mono path[1] = 'C:/Program Files/Unity/Hub/Editor/2021.1.1f1/Editor/Data/MonoBleedingEdge/lib/mono/unityjit'
Mono config path = 'C:/Program Files/Unity/Hub/Editor/2021.1.1f1/Editor/Data/MonoBleedingEdge/etc'
Using monoOptions --debugger-agent=transport=dt_socket,embedding=1,server=y,suspend=n,address=127.0.0.1:56776
Begin MonoManager ReloadAssembly
Registering precompiled unity dll's ...
Register platform support module: C:/Program Files/Unity/Hub/Editor/2021.1.1f1/Editor/Data/PlaybackEngines/WindowsStandaloneSupport/UnityEditor.WindowsStandalone.Extensions.dll
Registered in 0.003921 seconds.
Native extension for WindowsStandalone target not found
Refreshing native plugins compatible for Editor in 156.93 ms, found 1 plugins.
Preloading 0 native plugins for Editor in 0.00 ms.
Mono: successfully reloaded assembly
- Completed reload, in  1.977 seconds
Platform modules already initialized, skipping
Registering precompiled user dll's ...
Registered in 0.003754 seconds.
Begin MonoManager ReloadAssembly
Native extension for WindowsStandalone target not found
Refreshing native plugins compatible for Editor in 268.78 ms, found 1 plugins.
Preloading 0 native plugins for Editor in 0.00 ms.
Mono: successfully reloaded assembly
- Completed reload, in  3.400 seconds
Platform modules already initialized, skipping
========================================================================
Worker process is ready to serve import requests
Shader 'Universal Render Pipeline/Particles/Lit': fallback shader 'Universal Render Pipeline/Particles/SimpleLit' not found
Shader 'Universal Render Pipeline/Particles/Lit': fallback shader 'Universal Render Pipeline/Particles/SimpleLit' not found
Launched and connected shader compiler UnityShaderCompiler.exe after 0.07 seconds
Refreshing native plugins compatible for Editor in 1.31 ms, found 1 plugins.
Preloading 0 native plugins for Editor in 0.00 ms.
Unloading 3997 Unused Serialized files (Serialized files now loaded: 0)
System memory in use before: 159.8 MB.
System memory in use after: 157.2 MB.

Unloading 47 unused Assets to reduce memory usage. Loaded Objects now: 4421.
Total: 7.681100 ms (FindLiveObjects: 0.683600 ms CreateObjectMapping: 0.465900 ms MarkObjects: 4.522400 ms  DeleteObjects: 2.007000 ms)

========================================================================
Received Import Request.
  path: Assets/Scripts/FirstPersonPlayer.cs
  artifactKey: Guid(08f2e52f4c891234d9def197365ab4ac) Importer(815301076,1909f56bfc062723c751e8b465ee728b)
Start importing Assets/Scripts/FirstPersonPlayer.cs using Guid(08f2e52f4c891234d9def197365ab4ac) Importer(815301076,1909f56bfc062723c751e8b465ee728b)  -> (artifact id: '628afc662f654df43266ad6d7948cdb6') in 0.060691 seconds 
========================================================================
Received Import Request.
  Time since last request: 23.249226 seconds.
  path: Assets/Scripts/PlayerShoot.cs
  artifactKey: Guid(0223019d4f3755845aa7d0c3f51cc6cc) Importer(815301076,1909f56bfc062723c751e8b465ee728b)
Start importing Assets/Scripts/PlayerShoot.cs using Guid(0223019d4f3755845aa7d0c3f51cc6cc) Importer(815301076,1909f56bfc062723c751e8b465ee728b)  -> (artifact id: 'd524c8673f2d709516ec26601c517f87') in 0.011654 seconds 
========================================================================
Received Import Request.
  Time since last request: 22.764600 seconds.
  path: Assets/Scripts/PlayerShoot.cs
  artifactKey: Guid(0223019d4f3755845aa7d0c3f51cc6cc) Importer(815301076,1909f56bfc062723c751e8b465ee728b)
Start importing Assets/Scripts/PlayerShoot.cs using Guid(0223019d4f3755845aa7d0c3f51cc6cc) Importer(815301076,1909f56bfc062723c751e8b465ee728b)  -> (artifact id: '6b3de2aeb7ce5d6b1990efcb4f3941ad') in 0.003827 seconds 
========================================================================
Received Import Request.
  Time since last request: 40.821890 seconds.
  path: Assets/Scripts/Health.cs
  artifactKey: Guid(30f51ebc6f6be684f9fa5886fb1fc178) Importer(815301076,1909f56bfc062723c751e8b465ee728b)
Start importing Assets/Scripts/Health.cs using Guid(30f51ebc6f6be684f9fa5886fb1fc178) Importer(815301076,1909f56bfc062723c751e8b465ee728b)  -> (artifact id: '9a1046372fee7a8873137747ce5f9e33') in 0.010910 seconds 
========================================================================
Received Import Request.
  Time since last request: 30.563506 seconds.
  path: Assets/Scripts/Health.cs
  artifactKey: Guid(30f51ebc6f6be684f9fa5886fb1fc178) Importer(815301076,1909f56bfc062723c751e8b465ee728b)
Start importing Assets/Scripts/Health.cs using Guid(30f51ebc6f6be684f9fa5886fb1fc178) Importer(815301076,1909f56bfc062723c751e8b465ee728b)  -> (artifact id: '3b225939969ff29e52afe2f2cb859cfd') in 0.004077 seconds 
========================================================================
Received Import Request.
  Time since last request: 53.800454 seconds.
  path: Assets/Scripts/Health.cs
  artifactKey: Guid(30f51ebc6f6be684f9fa5886fb1fc178) Importer(815301076,1909f56bfc062723c751e8b465ee728b)
Start importing Assets/Scripts/Health.cs using Guid(30f51ebc6f6be684f9fa5886fb1fc178) Importer(815301076,1909f56bfc062723c751e8b465ee728b)  -> (artifact id: 'd7a65b32a61eb138400fb79575c71be8') in 0.003045 seconds 
========================================================================
Received Import Request.
  Time since last request: 7.251934 seconds.
  path: Assets/Scripts/Health.cs
  artifactKey: Guid(30f51ebc6f6be684f9fa5886fb1fc178) Importer(815301076,1909f56bfc062723c751e8b465ee728b)
Start importing Assets/Scripts/Health.cs using Guid(30f51ebc6f6be684f9fa5886fb1fc178) Importer(815301076,1909f56bfc062723c751e8b465ee728b)  -> (artifact id: '0e68856cb49cd3c25b73c5ca4c7a2142') in 0.002928 seconds 
========================================================================
Received Import Request.
  Time since last request: 18.108576 seconds.
  path: Assets/Scripts/PlayerInteraction.cs
  artifactKey: Guid(ba95808d6bde09540a4045b519a47a33) Importer(815301076,1909f56bfc062723c751e8b465ee728b)
Start importing Assets/Scripts/PlayerInteraction.cs using Guid(ba95808d6bde09540a4045b519a47a33) Importer(815301076,1909f56bfc062723c751e8b465ee728b)  -> (artifact id: 'd5a77de573f0f0ce2c0da83b2103bfee') in 0.008137 seconds 
========================================================================
Received Prepare
Registering precompiled user dll's ...
Registered in 0.003948 seconds.
Begin MonoManager ReloadAssembly
Native extension for WindowsStandalone target not found
Refreshing native plugins compatible for Editor in 0.73 ms, found 1 plugins.
Preloading 0 native plugins for Editor in 0.00 ms.
Mono: successfully reloaded assembly
- Completed reload, in  1.254 seconds
Platform modules already initialized, skipping
Shader 'Universal Render Pipeline/Particles/Lit': fallback shader 'Universal Render Pipeline/Particles/SimpleLit' not found
Shader 'Universal Render Pipeline/Particles/Lit': fallback shader 'Universal Render Pipeline/Particles/SimpleLit' not found
Refreshing native plugins compatible for Editor in 0.72 ms, found 1 plugins.
Preloading 0 native plugins for Editor in 0.00 ms.
Unloading 3917 Unused Serialized files (Serialized files now loaded: 0)
System memory in use before: 155.7 MB.
System memory in use after: 153.1 MB.

Unloading 43 unused Assets to reduce memory usage. Loaded Objects now: 4423.
Total: 5.129100 ms (FindLiveObjects: 0.660400 ms CreateObjectMapping: 0.310500 ms MarkObjects: 2.951200 ms  DeleteObjects: 1.205300 ms)

========================================================================
Received Import Request.
  Time since last request: 16.886553 seconds.
  path: Assets/Scripts/PlayerWeapon.cs
  artifactKey: Guid(dc88542f3730f4541a2325eabd7f2e5f) Importer(815301076,1909f56bfc062723c751e8b465ee728b)
Start importing Assets/Scripts/PlayerWeapon.cs using Guid(dc88542f3730f4541a2325eabd7f2e5f) Importer(815301076,1909f56bfc062723c751e8b465ee728b)  -> (artifact id: '303c06e9f8ef1a9f4826fc2eb9c67bd3') in 0.013185 seconds 
========================================================================
Received Prepare
Registering precompiled user dll's ...
Registered in 0.002966 seconds.
Begin MonoManager ReloadAssembly
Native extension for WindowsStandalone target not found
Refreshing native plugins compatible for Editor in 0.78 ms, found 1 plugins.
Preloading 0 native plugins for Editor in 0.00 ms.
Mono: successfully reloaded assembly
- Completed reload, in  1.296 seconds
Platform modules already initialized, skipping
Shader 'Universal Render Pipeline/Particles/Lit': fallback shader 'Universal Render Pipeline/Particles/SimpleLit' not found
Shader 'Universal Render Pipeline/Particles/Lit': fallback shader 'Universal Render Pipeline/Particles/SimpleLit' not found
Refreshing native plugins compatible for Editor in 0.74 ms, found 1 plugins.
Preloading 0 native plugins for Editor in 0.00 ms.
Unloading 3916 Unused Serialized files (Serialized files now loaded: 0)
System memory in use before: 155.8 MB.
System memory in use after: 153.1 MB.

Unloading 43 unused Assets to reduce memory usage. Loaded Objects now: 4425.
Total: 5.882300 ms (FindLiveObjects: 0.463300 ms CreateObjectMapping: 0.301300 ms MarkObjects: 3.775400 ms  DeleteObjects: 1.340300 ms)

========================================================================
Received Import Request.
  Time since last request: 33.131650 seconds.
  path: ProjectSettings/TagManager.asset
  artifactKey: Guid(00000000000000003000000000000000) Importer(815301076,1909f56bfc062723c751e8b465ee728b)
Start importing ProjectSettings/TagManager.asset using Guid(00000000000000003000000000000000) Importer(815301076,1909f56bfc062723c751e8b465ee728b)  -> (artifact id: '33f4c40dbd938ae64c5bb8c87542e7a1') in 0.029432 seconds 
========================================================================
Received Import Request.
  Time since last request: 120.983564 seconds.
  path: Assets/Textures/bullet_hole_image.png
  artifactKey: Guid(5cfd1543e6707e746950520c06ffd971) Importer(815301076,1909f56bfc062723c751e8b465ee728b)
Start importing Assets/Textures/bullet_hole_image.png using Guid(5cfd1543e6707e746950520c06ffd971) Importer(815301076,1909f56bfc062723c751e8b465ee728b)  -> (artifact id: '6f8b350b7caa91180b18c549c39da2d1') in 0.118847 seconds 
========================================================================
Received Import Request.
  Time since last request: 51.701492 seconds.
  path: Assets/Prefabs/BulletHole.prefab
  artifactKey: Guid(71713543d517c40429fe5c3f14b09e4d) Importer(815301076,1909f56bfc062723c751e8b465ee728b)
Start importing Assets/Prefabs/BulletHole.prefab using Guid(71713543d517c40429fe5c3f14b09e4d) Importer(815301076,1909f56bfc062723c751e8b465ee728b)  -> (artifact id: 'c484404c55dc489f1e9536ed7c1f4e2e') in 0.246827 seconds 
========================================================================
Received Import Request.
  Time since last request: 17.517089 seconds.
  path: ProjectSettings/TagManager.asset
  artifactKey: Guid(00000000000000003000000000000000) Importer(815301076,1909f56bfc062723c751e8b465ee728b)
Start importing ProjectSettings/TagManager.asset using Guid(00000000000000003000000000000000) Importer(815301076,1909f56bfc062723c751e8b465ee728b)  -> (artifact id: 'df1f5d447f39b39ab4dce3b84d374f2c') in 0.003683 seconds 
========================================================================
Received Prepare
Registering precompiled user dll's ...
Registered in 0.003815 seconds.
Begin MonoManager ReloadAssembly
Native extension for WindowsStandalone target not found
Refreshing native plugins compatible for Editor in 0.92 ms, found 1 plugins.
Preloading 0 native plugins for Editor in 0.00 ms.
Mono: successfully reloaded assembly
- Completed reload, in  1.261 seconds
Platform modules already initialized, skipping
Shader 'Universal Render Pipeline/Particles/Lit': fallback shader 'Universal Render Pipeline/Particles/SimpleLit' not found
Shader 'Universal Render Pipeline/Particles/Lit': fallback shader 'Universal Render Pipeline/Particles/SimpleLit' not found
Refreshing native plugins compatible for Editor in 0.88 ms, found 1 plugins.
Preloading 0 native plugins for Editor in 0.00 ms.
Unloading 3917 Unused Serialized files (Serialized files now loaded: 0)
System memory in use before: 163.0 MB.
System memory in use after: 160.4 MB.

Unloading 44 unused Assets to reduce memory usage. Loaded Objects now: 4491.
Total: 5.236100 ms (FindLiveObjects: 0.416300 ms CreateObjectMapping: 0.459800 ms MarkObjects: 2.911700 ms  DeleteObjects: 1.446200 ms)

========================================================================
Received Prepare
Registering precompiled user dll's ...
Registered in 0.003040 seconds.
Begin MonoManager ReloadAssembly
Native extension for WindowsStandalone target not found
Refreshing native plugins compatible for Editor in 0.83 ms, found 1 plugins.
Preloading 0 native plugins for Editor in 0.00 ms.
Mono: successfully reloaded assembly
- Completed reload, in  1.312 seconds
Platform modules already initialized, skipping
Shader 'Universal Render Pipeline/Particles/Lit': fallback shader 'Universal Render Pipeline/Particles/SimpleLit' not found
Shader 'Universal Render Pipeline/Particles/Lit': fallback shader 'Universal Render Pipeline/Particles/SimpleLit' not found
Refreshing native plugins compatible for Editor in 1.06 ms, found 1 plugins.
Preloading 0 native plugins for Editor in 0.00 ms.
Unloading 3916 Unused Serialized files (Serialized files now loaded: 0)
System memory in use before: 163.0 MB.
System memory in use after: 160.4 MB.

Unloading 42 unused Assets to reduce memory usage. Loaded Objects now: 4494.
Total: 5.434200 ms (FindLiveObjects: 0.454100 ms CreateObjectMapping: 0.437300 ms MarkObjects: 2.774200 ms  DeleteObjects: 1.766600 ms)

========================================================================
Received Prepare
Registering precompiled user dll's ...
Registered in 0.003465 seconds.
Begin MonoManager ReloadAssembly
Native extension for WindowsStandalone target not found
Refreshing native plugins compatible for Editor in 0.70 ms, found 1 plugins.
Preloading 0 native plugins for Editor in 0.00 ms.
Mono: successfully reloaded assembly
- Completed reload, in  1.324 seconds
Platform modules already initialized, skipping
Shader 'Universal Render Pipeline/Particles/Lit': fallback shader 'Universal Render Pipeline/Particles/SimpleLit' not found
Shader 'Universal Render Pipeline/Particles/Lit': fallback shader 'Universal Render Pipeline/Particles/SimpleLit' not found
Refreshing native plugins compatible for Editor in 0.76 ms, found 1 plugins.
Preloading 0 native plugins for Editor in 0.00 ms.
Unloading 3916 Unused Serialized files (Serialized files now loaded: 0)
System memory in use before: 163.0 MB.
System memory in use after: 160.4 MB.

Unloading 42 unused Assets to reduce memory usage. Loaded Objects now: 4497.
Total: 6.465900 ms (FindLiveObjects: 0.678000 ms CreateObjectMapping: 0.561200 ms MarkObjects: 3.445000 ms  DeleteObjects: 1.779900 ms)

========================================================================
Received Import Request.
  Time since last request: 456.504441 seconds.
  path: Assets/Prefabs/BulletHole.prefab
  artifactKey: Guid(71713543d517c40429fe5c3f14b09e4d) Importer(815301076,1909f56bfc062723c751e8b465ee728b)
Start importing Assets/Prefabs/BulletHole.prefab using Guid(71713543d517c40429fe5c3f14b09e4d) Importer(815301076,1909f56bfc062723c751e8b465ee728b)  -> (artifact id: '71bbb4eb920b9a0c8dd154e395f57e49') in 0.199985 seconds 
========================================================================
Received Prepare
Registering precompiled user dll's ...
Registered in 0.003109 seconds.
Begin MonoManager ReloadAssembly
Native extension for WindowsStandalone target not found
Refreshing native plugins compatible for Editor in 0.70 ms, found 1 plugins.
Preloading 0 native plugins for Editor in 0.00 ms.
Mono: successfully reloaded assembly
- Completed reload, in  1.244 seconds
Platform modules already initialized, skipping
Shader 'Universal Render Pipeline/Particles/Lit': fallback shader 'Universal Render Pipeline/Particles/SimpleLit' not found
Shader 'Universal Render Pipeline/Particles/Lit': fallback shader 'Universal Render Pipeline/Particles/SimpleLit' not found
Refreshing native plugins compatible for Editor in 0.77 ms, found 1 plugins.
Preloading 0 native plugins for Editor in 0.00 ms.
Unloading 3916 Unused Serialized files (Serialized files now loaded: 0)
System memory in use before: 163.2 MB.
System memory in use after: 160.6 MB.

Unloading 42 unused Assets to reduce memory usage. Loaded Objects now: 4536.
Total: 4.805700 ms (FindLiveObjects: 0.691700 ms CreateObjectMapping: 0.281100 ms MarkObjects: 2.496800 ms  DeleteObjects: 1.335000 ms)

========================================================================
Received Import Request.
  Time since last request: 409.201939 seconds.
  path: Assets/EnergyShield/EnergyShield_Hit.shadergraph
  artifactKey: Guid(bcfb0149308350b4686856dc930b21c7) Importer(815301076,1909f56bfc062723c751e8b465ee728b)
Start importing Assets/EnergyShield/EnergyShield_Hit.shadergraph using Guid(bcfb0149308350b4686856dc930b21c7) Importer(815301076,1909f56bfc062723c751e8b465ee728b)  -> (artifact id: '3f2c2fad642136a1b1d3fac12c464cbf') in 0.029100 seconds 
========================================================================
Received Prepare
Registering precompiled user dll's ...
Registered in 0.003783 seconds.
Begin MonoManager ReloadAssembly
Native extension for WindowsStandalone target not found
Refreshing native plugins compatible for Editor in 0.72 ms, found 1 plugins.
Preloading 0 native plugins for Editor in 0.00 ms.
Mono: successfully reloaded assembly
- Completed reload, in  1.320 seconds
Platform modules already initialized, skipping
Shader 'Universal Render Pipeline/Particles/Lit': fallback shader 'Universal Render Pipeline/Particles/SimpleLit' not found
Shader 'Universal Render Pipeline/Particles/Lit': fallback shader 'Universal Render Pipeline/Particles/SimpleLit' not found
Refreshing native plugins compatible for Editor in 0.76 ms, found 1 plugins.
Preloading 0 native plugins for Editor in 0.00 ms.
Unloading 3916 Unused Serialized files (Serialized files now loaded: 0)
System memory in use before: 163.1 MB.
System memory in use after: 160.5 MB.

Unloading 42 unused Assets to reduce memory usage. Loaded Objects now: 4539.
Total: 4.628700 ms (FindLiveObjects: 0.457300 ms CreateObjectMapping: 0.252200 ms MarkObjects: 2.444000 ms  DeleteObjects: 1.474000 ms)

========================================================================
Received Prepare
Registering precompiled user dll's ...
Registered in 0.003323 seconds.
Begin MonoManager ReloadAssembly
Native extension for WindowsStandalone target not found
Refreshing native plugins compatible for Editor in 0.69 ms, found 1 plugins.
Preloading 0 native plugins for Editor in 0.00 ms.
Mono: successfully reloaded assembly
- Completed reload, in  1.210 seconds
Platform modules already initialized, skipping
Shader 'Universal Render Pipeline/Particles/Lit': fallback shader 'Universal Render Pipeline/Particles/SimpleLit' not found
Shader 'Universal Render Pipeline/Particles/Lit': fallback shader 'Universal Render Pipeline/Particles/SimpleLit' not found
Refreshing native plugins compatible for Editor in 0.78 ms, found 1 plugins.
Preloading 0 native plugins for Editor in 0.00 ms.
Unloading 3916 Unused Serialized files (Serialized files now loaded: 0)
System memory in use before: 163.1 MB.
System memory in use after: 160.5 MB.

Unloading 42 unused Assets to reduce memory usage. Loaded Objects now: 4542.
Total: 5.997000 ms (FindLiveObjects: 0.627000 ms CreateObjectMapping: 0.477400 ms MarkObjects: 3.364000 ms  DeleteObjects: 1.527400 ms)

========================================================================
Received Prepare
Registering precompiled user dll's ...
Registered in 0.003035 seconds.
Begin MonoManager ReloadAssembly
Native extension for WindowsStandalone target not found
Refreshing native plugins compatible for Editor in 0.80 ms, found 1 plugins.
Preloading 0 native plugins for Editor in 0.00 ms.
Mono: successfully reloaded assembly
- Completed reload, in  1.253 seconds
Platform modules already initialized, skipping
Shader 'Universal Render Pipeline/Particles/Lit': fallback shader 'Universal Render Pipeline/Particles/SimpleLit' not found
Shader 'Universal Render Pipeline/Particles/Lit': fallback shader 'Universal Render Pipeline/Particles/SimpleLit' not found
Refreshing native plugins compatible for Editor in 0.80 ms, found 1 plugins.
Preloading 0 native plugins for Editor in 0.00 ms.
Unloading 3916 Unused Serialized files (Serialized files now loaded: 0)
System memory in use before: 163.2 MB.
System memory in use after: 160.5 MB.

Unloading 42 unused Assets to reduce memory usage. Loaded Objects now: 4545.
Total: 6.215700 ms (FindLiveObjects: 0.372600 ms CreateObjectMapping: 0.566500 ms MarkObjects: 3.021100 ms  DeleteObjects: 2.254000 ms)

========================================================================
Received Prepare
Registering precompiled user dll's ...
Registered in 0.004160 seconds.
Begin MonoManager ReloadAssembly
Native extension for WindowsStandalone target not found
Refreshing native plugins compatible for Editor in 0.91 ms, found 1 plugins.
Preloading 0 native plugins for Editor in 0.00 ms.
Mono: successfully reloaded assembly
- Completed reload, in  1.236 seconds
Platform modules already initialized, skipping
Shader 'Universal Render Pipeline/Particles/Lit': fallback shader 'Universal Render Pipeline/Particles/SimpleLit' not found
Shader 'Universal Render Pipeline/Particles/Lit': fallback shader 'Universal Render Pipeline/Particles/SimpleLit' not found
Refreshing native plugins compatible for Editor in 0.92 ms, found 1 plugins.
Preloading 0 native plugins for Editor in 0.00 ms.
Unloading 3916 Unused Serialized files (Serialized files now loaded: 0)
System memory in use before: 163.2 MB.
System memory in use after: 160.5 MB.

Unloading 42 unused Assets to reduce memory usage. Loaded Objects now: 4548.
Total: 5.486400 ms (FindLiveObjects: 0.391200 ms CreateObjectMapping: 0.306900 ms MarkObjects: 3.062400 ms  DeleteObjects: 1.724700 ms)

========================================================================
Received Prepare
Registering precompiled user dll's ...
Registered in 0.004139 seconds.
Begin MonoManager ReloadAssembly
Native extension for WindowsStandalone target not found
Refreshing native plugins compatible for Editor in 0.75 ms, found 1 plugins.
Preloading 0 native plugins for Editor in 0.00 ms.
Mono: successfully reloaded assembly
- Completed reload, in  1.721 seconds
Platform modules already initialized, skipping
Shader 'Universal Render Pipeline/Particles/Lit': fallback shader 'Universal Render Pipeline/Particles/SimpleLit' not found
Shader 'Universal Render Pipeline/Particles/Lit': fallback shader 'Universal Render Pipeline/Particles/SimpleLit' not found
Refreshing native plugins compatible for Editor in 0.71 ms, found 1 plugins.
Preloading 0 native plugins for Editor in 0.00 ms.
Unloading 3917 Unused Serialized files (Serialized files now loaded: 0)
System memory in use before: 163.1 MB.
System memory in use after: 160.5 MB.

Unloading 42 unused Assets to reduce memory usage. Loaded Objects now: 4552.
Total: 4.887000 ms (FindLiveObjects: 0.438200 ms CreateObjectMapping: 0.363100 ms MarkObjects: 2.656400 ms  DeleteObjects: 1.427600 ms)

========================================================================
Received Import Request.
  Time since last request: 414.238725 seconds.
  path: Assets/EnergyShield/EnergyShield.cs
  artifactKey: Guid(ba16a146f7b25fb40a92df1a86ae5117) Importer(815301076,1909f56bfc062723c751e8b465ee728b)
Start importing Assets/EnergyShield/EnergyShield.cs using Guid(ba16a146f7b25fb40a92df1a86ae5117) Importer(815301076,1909f56bfc062723c751e8b465ee728b)  -> (artifact id: '9afd55245d45d497871d81b0d6d6ac19') in 0.011860 seconds 
========================================================================
Received Prepare
Registering precompiled user dll's ...
Registered in 0.006795 seconds.
Begin MonoManager ReloadAssembly
Native extension for WindowsStandalone target not found
Refreshing native plugins compatible for Editor in 0.71 ms, found 1 plugins.
Preloading 0 native plugins for Editor in 0.00 ms.
Mono: successfully reloaded assembly
- Completed reload, in  1.238 seconds
Platform modules already initialized, skipping
Shader 'Universal Render Pipeline/Particles/Lit': fallback shader 'Universal Render Pipeline/Particles/SimpleLit' not found
Shader 'Universal Render Pipeline/Particles/Lit': fallback shader 'Universal Render Pipeline/Particles/SimpleLit' not found
Refreshing native plugins compatible for Editor in 0.70 ms, found 1 plugins.
Preloading 0 native plugins for Editor in 0.00 ms.
Unloading 3917 Unused Serialized files (Serialized files now loaded: 0)
System memory in use before: 163.2 MB.
System memory in use after: 160.5 MB.

Unloading 42 unused Assets to reduce memory usage. Loaded Objects now: 4555.
Total: 4.734800 ms (FindLiveObjects: 0.331900 ms CreateObjectMapping: 0.326000 ms MarkObjects: 2.701900 ms  DeleteObjects: 1.373700 ms)

========================================================================
Received Prepare
Registering precompiled user dll's ...
Registered in 0.003723 seconds.
Begin MonoManager ReloadAssembly
Native extension for WindowsStandalone target not found
Refreshing native plugins compatible for Editor in 0.92 ms, found 1 plugins.
Preloading 0 native plugins for Editor in 0.00 ms.
Mono: successfully reloaded assembly
- Completed reload, in  1.286 seconds
Platform modules already initialized, skipping
Shader 'Universal Render Pipeline/Particles/Lit': fallback shader 'Universal Render Pipeline/Particles/SimpleLit' not found
Shader 'Universal Render Pipeline/Particles/Lit': fallback shader 'Universal Render Pipeline/Particles/SimpleLit' not found
Refreshing native plugins compatible for Editor in 0.84 ms, found 1 plugins.
Preloading 0 native plugins for Editor in 0.00 ms.
Unloading 3917 Unused Serialized files (Serialized files now loaded: 0)
System memory in use before: 163.1 MB.
System memory in use after: 160.6 MB.

Unloading 42 unused Assets to reduce memory usage. Loaded Objects now: 4558.
Total: 5.402100 ms (FindLiveObjects: 0.592100 ms CreateObjectMapping: 0.501600 ms MarkObjects: 2.794200 ms  DeleteObjects: 1.512500 ms)

========================================================================
Received Prepare
Registering precompiled user dll's ...
Registered in 0.003743 seconds.
Begin MonoManager ReloadAssembly
Native extension for WindowsStandalone target not found
Refreshing native plugins compatible for Editor in 0.70 ms, found 1 plugins.
Preloading 0 native plugins for Editor in 0.00 ms.
Mono: successfully reloaded assembly
- Completed reload, in  1.241 seconds
Platform modules already initialized, skipping
Shader 'Universal Render Pipeline/Particles/Lit': fallback shader 'Universal Render Pipeline/Particles/SimpleLit' not found
Shader 'Universal Render Pipeline/Particles/Lit': fallback shader 'Universal Render Pipeline/Particles/SimpleLit' not found
Refreshing native plugins compatible for Editor in 0.73 ms, found 1 plugins.
Preloading 0 native plugins for Editor in 0.00 ms.
Unloading 3917 Unused Serialized files (Serialized files now loaded: 0)
System memory in use before: 163.1 MB.
System memory in use after: 160.6 MB.

Unloading 42 unused Assets to reduce memory usage. Loaded Objects now: 4561.
Total: 5.761300 ms (FindLiveObjects: 0.610600 ms CreateObjectMapping: 0.334700 ms MarkObjects: 3.154600 ms  DeleteObjects: 1.660200 ms)

========================================================================
Received Prepare
Registering precompiled user dll's ...
Registered in 0.003673 seconds.
Begin MonoManager ReloadAssembly
Native extension for WindowsStandalone target not found
Refreshing native plugins compatible for Editor in 1.03 ms, found 1 plugins.
Preloading 0 native plugins for Editor in 0.00 ms.
Mono: successfully reloaded assembly
- Completed reload, in  1.408 seconds
Platform modules already initialized, skipping
Shader 'Universal Render Pipeline/Particles/Lit': fallback shader 'Universal Render Pipeline/Particles/SimpleLit' not found
Shader 'Universal Render Pipeline/Particles/Lit': fallback shader 'Universal Render Pipeline/Particles/SimpleLit' not found
Refreshing native plugins compatible for Editor in 1.05 ms, found 1 plugins.
Preloading 0 native plugins for Editor in 0.00 ms.
Unloading 3917 Unused Serialized files (Serialized files now loaded: 0)
System memory in use before: 163.2 MB.
System memory in use after: 160.6 MB.

Unloading 42 unused Assets to reduce memory usage. Loaded Objects now: 4564.
Total: 5.411600 ms (FindLiveObjects: 0.518800 ms CreateObjectMapping: 0.461000 ms MarkObjects: 3.052500 ms  DeleteObjects: 1.377800 ms)

========================================================================
Received Prepare
Registering precompiled user dll's ...
Registered in 0.003810 seconds.
Begin MonoManager ReloadAssembly
Native extension for WindowsStandalone target not found
Refreshing native plugins compatible for Editor in 0.82 ms, found 1 plugins.
Preloading 0 native plugins for Editor in 0.00 ms.
Mono: successfully reloaded assembly
- Completed reload, in  1.223 seconds
Platform modules already initialized, skipping
Shader 'Universal Render Pipeline/Particles/Lit': fallback shader 'Universal Render Pipeline/Particles/SimpleLit' not found
Shader 'Universal Render Pipeline/Particles/Lit': fallback shader 'Universal Render Pipeline/Particles/SimpleLit' not found
Refreshing native plugins compatible for Editor in 0.71 ms, found 1 plugins.
Preloading 0 native plugins for Editor in 0.00 ms.
Unloading 3917 Unused Serialized files (Serialized files now loaded: 0)
System memory in use before: 163.2 MB.
System memory in use after: 160.6 MB.

Unloading 42 unused Assets to reduce memory usage. Loaded Objects now: 4567.
Total: 4.481300 ms (FindLiveObjects: 0.363300 ms CreateObjectMapping: 0.235800 ms MarkObjects: 2.525400 ms  DeleteObjects: 1.355700 ms)

========================================================================
Received Prepare
Registering precompiled user dll's ...
Registered in 0.002949 seconds.
Begin MonoManager ReloadAssembly
Native extension for WindowsStandalone target not found
Refreshing native plugins compatible for Editor in 1.20 ms, found 1 plugins.
Preloading 0 native plugins for Editor in 0.00 ms.
Mono: successfully reloaded assembly
- Completed reload, in  1.285 seconds
Platform modules already initialized, skipping
Shader 'Universal Render Pipeline/Particles/Lit': fallback shader 'Universal Render Pipeline/Particles/SimpleLit' not found
Shader 'Universal Render Pipeline/Particles/Lit': fallback shader 'Universal Render Pipeline/Particles/SimpleLit' not found
Refreshing native plugins compatible for Editor in 0.76 ms, found 1 plugins.
Preloading 0 native plugins for Editor in 0.00 ms.
Unloading 3917 Unused Serialized files (Serialized files now loaded: 0)
System memory in use before: 163.2 MB.
System memory in use after: 160.6 MB.

Unloading 42 unused Assets to reduce memory usage. Loaded Objects now: 4570.
Total: 5.807200 ms (FindLiveObjects: 0.384800 ms CreateObjectMapping: 0.396500 ms MarkObjects: 3.101800 ms  DeleteObjects: 1.922400 ms)

========================================================================
Received Prepare
Registering precompiled user dll's ...
Registered in 0.003065 seconds.
Begin MonoManager ReloadAssembly
Native extension for WindowsStandalone target not found
Refreshing native plugins compatible for Editor in 0.71 ms, found 1 plugins.
Preloading 0 native plugins for Editor in 0.00 ms.
Mono: successfully reloaded assembly
- Completed reload, in  1.282 seconds
Platform modules already initialized, skipping
Shader 'Universal Render Pipeline/Particles/Lit': fallback shader 'Universal Render Pipeline/Particles/SimpleLit' not found
Shader 'Universal Render Pipeline/Particles/Lit': fallback shader 'Universal Render Pipeline/Particles/SimpleLit' not found
Refreshing native plugins compatible for Editor in 0.85 ms, found 1 plugins.
Preloading 0 native plugins for Editor in 0.00 ms.
Unloading 3917 Unused Serialized files (Serialized files now loaded: 0)
System memory in use before: 163.2 MB.
System memory in use after: 160.6 MB.

Unloading 42 unused Assets to reduce memory usage. Loaded Objects now: 4573.
Total: 5.799300 ms (FindLiveObjects: 0.550100 ms CreateObjectMapping: 0.452300 ms MarkObjects: 3.062600 ms  DeleteObjects: 1.718600 ms)

========================================================================
Received Prepare
Registering precompiled user dll's ...
Registered in 0.002893 seconds.
Begin MonoManager ReloadAssembly
Native extension for WindowsStandalone target not found
Refreshing native plugins compatible for Editor in 0.87 ms, found 1 plugins.
Preloading 0 native plugins for Editor in 0.00 ms.
Mono: successfully reloaded assembly
- Completed reload, in  1.265 seconds
Platform modules already initialized, skipping
Shader 'Universal Render Pipeline/Particles/Lit': fallback shader 'Universal Render Pipeline/Particles/SimpleLit' not found
Shader 'Universal Render Pipeline/Particles/Lit': fallback shader 'Universal Render Pipeline/Particles/SimpleLit' not found
Refreshing native plugins compatible for Editor in 0.72 ms, found 1 plugins.
Preloading 0 native plugins for Editor in 0.00 ms.
Unloading 3917 Unused Serialized files (Serialized files now loaded: 0)
System memory in use before: 163.2 MB.
System memory in use after: 160.6 MB.

Unloading 42 unused Assets to reduce memory usage. Loaded Objects now: 4576.
Total: 5.135800 ms (FindLiveObjects: 0.424700 ms CreateObjectMapping: 0.352100 ms MarkObjects: 2.818000 ms  DeleteObjects: 1.539500 ms)

========================================================================
Received Prepare
Registering precompiled user dll's ...
Registered in 0.003087 seconds.
Begin MonoManager ReloadAssembly
Native extension for WindowsStandalone target not found
Refreshing native plugins compatible for Editor in 0.84 ms, found 1 plugins.
Preloading 0 native plugins for Editor in 0.00 ms.
Mono: successfully reloaded assembly
- Completed reload, in  1.193 seconds
Platform modules already initialized, skipping
Shader 'Universal Render Pipeline/Particles/Lit': fallback shader 'Universal Render Pipeline/Particles/SimpleLit' not found
Shader 'Universal Render Pipeline/Particles/Lit': fallback shader 'Universal Render Pipeline/Particles/SimpleLit' not found
Refreshing native plugins compatible for Editor in 0.71 ms, found 1 plugins.
Preloading 0 native plugins for Editor in 0.00 ms.
Unloading 3917 Unused Serialized files (Serialized files now loaded: 0)
System memory in use before: 163.3 MB.
System memory in use after: 160.6 MB.

Unloading 42 unused Assets to reduce memory usage. Loaded Objects now: 4579.
Total: 4.963000 ms (FindLiveObjects: 0.573800 ms CreateObjectMapping: 0.319000 ms MarkObjects: 2.626100 ms  DeleteObjects: 1.442700 ms)

========================================================================
Received Prepare
Registering precompiled user dll's ...
Registered in 0.003387 seconds.
Begin MonoManager ReloadAssembly
Native extension for WindowsStandalone target not found
Refreshing native plugins compatible for Editor in 0.71 ms, found 1 plugins.
Preloading 0 native plugins for Editor in 0.00 ms.
Mono: successfully reloaded assembly
- Completed reload, in  1.258 seconds
Platform modules already initialized, skipping
Shader 'Universal Render Pipeline/Particles/Lit': fallback shader 'Universal Render Pipeline/Particles/SimpleLit' not found
Shader 'Universal Render Pipeline/Particles/Lit': fallback shader 'Universal Render Pipeline/Particles/SimpleLit' not found
Refreshing native plugins compatible for Editor in 0.86 ms, found 1 plugins.
Preloading 0 native plugins for Editor in 0.00 ms.
Unloading 3917 Unused Serialized files (Serialized files now loaded: 0)
System memory in use before: 163.2 MB.
System memory in use after: 160.6 MB.

Unloading 42 unused Assets to reduce memory usage. Loaded Objects now: 4582.
Total: 5.606200 ms (FindLiveObjects: 0.613500 ms CreateObjectMapping: 0.391200 ms MarkObjects: 3.004400 ms  DeleteObjects: 1.595600 ms)

========================================================================
Received Prepare
Registering precompiled user dll's ...
Registered in 0.002988 seconds.
Begin MonoManager ReloadAssembly
Native extension for WindowsStandalone target not found
Refreshing native plugins compatible for Editor in 0.97 ms, found 1 plugins.
Preloading 0 native plugins for Editor in 0.00 ms.
Mono: successfully reloaded assembly
- Completed reload, in  1.241 seconds
Platform modules already initialized, skipping
Shader 'Universal Render Pipeline/Particles/Lit': fallback shader 'Universal Render Pipeline/Particles/SimpleLit' not found
Shader 'Universal Render Pipeline/Particles/Lit': fallback shader 'Universal Render Pipeline/Particles/SimpleLit' not found
Refreshing native plugins compatible for Editor in 0.75 ms, found 1 plugins.
Preloading 0 native plugins for Editor in 0.00 ms.
Unloading 3917 Unused Serialized files (Serialized files now loaded: 0)
System memory in use before: 163.3 MB.
System memory in use after: 160.6 MB.

Unloading 42 unused Assets to reduce memory usage. Loaded Objects now: 4585.
Total: 5.370600 ms (FindLiveObjects: 0.412000 ms CreateObjectMapping: 0.440600 ms MarkObjects: 3.058400 ms  DeleteObjects: 1.458400 ms)

========================================================================
Received Prepare
Registering precompiled user dll's ...
Registered in 0.005165 seconds.
Begin MonoManager ReloadAssembly
Native extension for WindowsStandalone target not found
Refreshing native plugins compatible for Editor in 0.72 ms, found 1 plugins.
Preloading 0 native plugins for Editor in 0.00 ms.
Mono: successfully reloaded assembly
- Completed reload, in  1.227 seconds
Platform modules already initialized, skipping
Shader 'Universal Render Pipeline/Particles/Lit': fallback shader 'Universal Render Pipeline/Particles/SimpleLit' not found
Shader 'Universal Render Pipeline/Particles/Lit': fallback shader 'Universal Render Pipeline/Particles/SimpleLit' not found
Refreshing native plugins compatible for Editor in 0.70 ms, found 1 plugins.
Preloading 0 native plugins for Editor in 0.00 ms.
Unloading 3917 Unused Serialized files (Serialized files now loaded: 0)
System memory in use before: 163.2 MB.
System memory in use after: 160.6 MB.

Unloading 42 unused Assets to reduce memory usage. Loaded Objects now: 4588.
Total: 5.809900 ms (FindLiveObjects: 0.616800 ms CreateObjectMapping: 0.339100 ms MarkObjects: 3.182600 ms  DeleteObjects: 1.669300 ms)

========================================================================
Received Prepare
Registering precompiled user dll's ...
Registered in 0.003182 seconds.
Begin MonoManager ReloadAssembly
Native extension for WindowsStandalone target not found
Refreshing native plugins compatible for Editor in 0.73 ms, found 1 plugins.
Preloading 0 native plugins for Editor in 0.00 ms.
Mono: successfully reloaded assembly
- Completed reload, in  1.285 seconds
Platform modules already initialized, skipping
Shader 'Universal Render Pipeline/Particles/Lit': fallback shader 'Universal Render Pipeline/Particles/SimpleLit' not found
Shader 'Universal Render Pipeline/Particles/Lit': fallback shader 'Universal Render Pipeline/Particles/SimpleLit' not found
Refreshing native plugins compatible for Editor in 0.88 ms, found 1 plugins.
Preloading 0 native plugins for Editor in 0.00 ms.
Unloading 3917 Unused Serialized files (Serialized files now loaded: 0)
System memory in use before: 163.3 MB.
System memory in use after: 160.6 MB.

Unloading 42 unused Assets to reduce memory usage. Loaded Objects now: 4591.
Total: 5.905200 ms (FindLiveObjects: 0.822100 ms CreateObjectMapping: 0.430500 ms MarkObjects: 2.854300 ms  DeleteObjects: 1.796200 ms)

========================================================================
Received Prepare
Registering precompiled user dll's ...
Registered in 0.003447 seconds.
Begin MonoManager ReloadAssembly
Native extension for WindowsStandalone target not found
Refreshing native plugins compatible for Editor in 0.75 ms, found 1 plugins.
Preloading 0 native plugins for Editor in 0.00 ms.
Mono: successfully reloaded assembly
- Completed reload, in  1.271 seconds
Platform modules already initialized, skipping
Shader 'Universal Render Pipeline/Particles/Lit': fallback shader 'Universal Render Pipeline/Particles/SimpleLit' not found
Shader 'Universal Render Pipeline/Particles/Lit': fallback shader 'Universal Render Pipeline/Particles/SimpleLit' not found
Refreshing native plugins compatible for Editor in 1.33 ms, found 1 plugins.
Preloading 0 native plugins for Editor in 0.00 ms.
Unloading 3917 Unused Serialized files (Serialized files now loaded: 0)
System memory in use before: 163.3 MB.
System memory in use after: 160.7 MB.

Unloading 42 unused Assets to reduce memory usage. Loaded Objects now: 4594.
Total: 7.911100 ms (FindLiveObjects: 0.420700 ms CreateObjectMapping: 0.344000 ms MarkObjects: 4.529000 ms  DeleteObjects: 2.615300 ms)

========================================================================
Received Import Request.
  Time since last request: 40070.749973 seconds.
  path: Assets/EnergyShield/EnergyShield.cs
  artifactKey: Guid(ba16a146f7b25fb40a92df1a86ae5117) Importer(815301076,1909f56bfc062723c751e8b465ee728b)
Start importing Assets/EnergyShield/EnergyShield.cs using Guid(ba16a146f7b25fb40a92df1a86ae5117) Importer(815301076,1909f56bfc062723c751e8b465ee728b)  -> (artifact id: '3e41b6a21a0571dcbe7eab360d7a4f37') in 0.014300 seconds 
========================================================================
Received Prepare
Registering precompiled user dll's ...
Registered in 0.003302 seconds.
Begin MonoManager ReloadAssembly
Native extension for WindowsStandalone target not found
Refreshing native plugins compatible for Editor in 0.72 ms, found 1 plugins.
Preloading 0 native plugins for Editor in 0.00 ms.
Mono: successfully reloaded assembly
- Completed reload, in  1.168 seconds
Platform modules already initialized, skipping
Shader 'Universal Render Pipeline/Particles/Lit': fallback shader 'Universal Render Pipeline/Particles/SimpleLit' not found
Shader 'Universal Render Pipeline/Particles/Lit': fallback shader 'Universal Render Pipeline/Particles/SimpleLit' not found
Refreshing native plugins compatible for Editor in 0.71 ms, found 1 plugins.
Preloading 0 native plugins for Editor in 0.00 ms.
Unloading 3916 Unused Serialized files (Serialized files now loaded: 0)
System memory in use before: 163.2 MB.
System memory in use after: 160.6 MB.

Unloading 43 unused Assets to reduce memory usage. Loaded Objects now: 4596.
Total: 5.445100 ms (FindLiveObjects: 0.434500 ms CreateObjectMapping: 0.336500 ms MarkObjects: 2.936900 ms  DeleteObjects: 1.735900 ms)

AssetImportWorkerClient::OnTransportError - code=2 error=End of file
