Using pre-set license
Built from '2020.2/release' branch; Version is '2020.2.1f1 (270dd8c3da1c) revision 2559448'; Using compiler version '192528614'; Build Type 'Release'
OS: 'Windows 10  (10.0.0) 64bit' Language: 'en' Physical Memory: 32703 MB
BatchMode: 1, IsHumanControllingUs: 0, StartBugReporterOnCrash: 0, Is64bit: 1, IsPro: 0

 COMMAND LINE ARGUMENTS:
C:\Program Files\Unity\Hub\Editor\2020.2.1f1\Editor\Unity.exe
-adb2
-batchMode
-noUpm
-name
AssetImportWorker0
-projectPath
D:/Winter 2021/CSCI4160U/LectureExamples/01a_Tour
-logFile
Logs/AssetImportWorker0.log
-srvPort
63387
Successfully changed project path to: D:/Winter 2021/CSCI4160U/LectureExamples/01a_Tour
D:/Winter 2021/CSCI4160U/LectureExamples/01a_Tour
Using Asset Import Pipeline V2.
Refreshing native plugins compatible for Editor in 84.35 ms, found 0 plugins.
Preloading 0 native plugins for Editor in 0.00 ms.
Initialize engine version: 2020.2.1f1 (270dd8c3da1c)
[Subsystems] Discovering subsystems at path C:/Program Files/Unity/Hub/Editor/2020.2.1f1/Editor/Data/Resources/UnitySubsystems
[Subsystems] Discovering subsystems at path D:/Winter 2021/CSCI4160U/LectureExamples/01a_Tour/Assets
GfxDevice: creating device client; threaded=0
Direct3D:
    Version:  Direct3D 11.0 [level 11.1]
    Renderer: NVIDIA GeForce GTX 1070 (ID=0x1be1)
    Vendor:   
    VRAM:     8081 MB
    Driver:   27.21.14.5709
Initialize mono
Mono path[0] = 'C:/Program Files/Unity/Hub/Editor/2020.2.1f1/Editor/Data/Managed'
Mono path[1] = 'C:/Program Files/Unity/Hub/Editor/2020.2.1f1/Editor/Data/MonoBleedingEdge/lib/mono/unityjit'
Mono config path = 'C:/Program Files/Unity/Hub/Editor/2020.2.1f1/Editor/Data/MonoBleedingEdge/etc'
Using monoOptions --debugger-agent=transport=dt_socket,embedding=1,server=y,suspend=n,address=127.0.0.1:56752
Begin MonoManager ReloadAssembly
Registering precompiled unity dll's ...
Register platform support module: C:/Program Files/Unity/Hub/Editor/2020.2.1f1/Editor/Data/PlaybackEngines/WindowsStandaloneSupport/UnityEditor.WindowsStandalone.Extensions.dll
Registered in 0.002809 seconds.
Native extension for WindowsStandalone target not found
Refreshing native plugins compatible for Editor in 81.89 ms, found 0 plugins.
Preloading 0 native plugins for Editor in 0.00 ms.
Invoked RoslynAnalysisRunner static constructor.
RoslynAnalysisRunner will not be running.
RoslynAnalysisRunner has terminated.
Mono: successfully reloaded assembly
- Completed reload, in  1.766 seconds
Platform modules already initialized, skipping
Registering precompiled user dll's ...
Registered in 0.001376 seconds.
Begin MonoManager ReloadAssembly
Native extension for WindowsStandalone target not found
Refreshing native plugins compatible for Editor in 152.87 ms, found 0 plugins.
Preloading 0 native plugins for Editor in 0.00 ms.
Invoked RoslynAnalysisRunner static constructor.
RoslynAnalysisRunner will not be running.
RoslynAnalysisRunner has terminated.
Mono: successfully reloaded assembly
- Completed reload, in  3.711 seconds
Platform modules already initialized, skipping
========================================================================
Worker process is ready to serve import requests
Shader 'Universal Render Pipeline/Particles/Lit': fallback shader 'Universal Render Pipeline/Particles/SimpleLit' not found
Shader 'Universal Render Pipeline/Particles/Lit': fallback shader 'Universal Render Pipeline/Particles/SimpleLit' not found
Launched and connected shader compiler UnityShaderCompiler.exe after 0.13 seconds
Refreshing native plugins compatible for Editor in 1.02 ms, found 0 plugins.
Preloading 0 native plugins for Editor in 0.00 ms.
Unloading 2392 Unused Serialized files (Serialized files now loaded: 0)
System memory in use before: 110.1 MB.
System memory in use after: 108.0 MB.

Unloading 45 unused Assets to reduce memory usage. Loaded Objects now: 2797.
Total: 8.555200 ms (FindLiveObjects: 0.764000 ms CreateObjectMapping: 0.611500 ms MarkObjects: 4.133000 ms  DeleteObjects: 3.042500 ms)

========================================================================
Received Import Request.
  path: Assets/Readme.asset
  artifactKey: Guid(83c2ed844a8c74b779a4c823d16594b1) Importer(815301076,1909f56bfc062723c751e8b465ee728b)
Start importing Assets/Readme.asset using Guid(83c2ed844a8c74b779a4c823d16594b1) Importer(815301076,1909f56bfc062723c751e8b465ee728b)  -> (artifact id: 'cf6c1105aea63a748fcaa5f7f2e0893d') in 0.087739 seconds
  Import took 0.097726 seconds .

========================================================================
Received Prepare
Registering precompiled user dll's ...
Registered in 0.001647 seconds.
Begin MonoManager ReloadAssembly
Native extension for WindowsStandalone target not found
Refreshing native plugins compatible for Editor in 0.45 ms, found 0 plugins.
Preloading 0 native plugins for Editor in 0.00 ms.
Invoked RoslynAnalysisRunner static constructor.
RoslynAnalysisRunner will not be running.
RoslynAnalysisRunner has terminated.
Mono: successfully reloaded assembly
- Completed reload, in  1.494 seconds
Platform modules already initialized, skipping
Shader 'Universal Render Pipeline/Particles/Lit': fallback shader 'Universal Render Pipeline/Particles/SimpleLit' not found
Shader 'Universal Render Pipeline/Particles/Lit': fallback shader 'Universal Render Pipeline/Particles/SimpleLit' not found
Refreshing native plugins compatible for Editor in 0.55 ms, found 0 plugins.
Preloading 0 native plugins for Editor in 0.00 ms.
Unloading 2317 Unused Serialized files (Serialized files now loaded: 0)
System memory in use before: 107.2 MB.
System memory in use after: 105.1 MB.

Unloading 40 unused Assets to reduce memory usage. Loaded Objects now: 2799.
Total: 5.563000 ms (FindLiveObjects: 0.580900 ms CreateObjectMapping: 0.285100 ms MarkObjects: 2.966000 ms  DeleteObjects: 1.729100 ms)

========================================================================
Received Prepare
Registering precompiled user dll's ...
Registered in 0.001432 seconds.
Begin MonoManager ReloadAssembly
Native extension for WindowsStandalone target not found
Refreshing native plugins compatible for Editor in 0.74 ms, found 0 plugins.
Preloading 0 native plugins for Editor in 0.00 ms.
Invoked RoslynAnalysisRunner static constructor.
RoslynAnalysisRunner will not be running.
RoslynAnalysisRunner has terminated.
Mono: successfully reloaded assembly
- Completed reload, in  1.427 seconds
Platform modules already initialized, skipping
Shader 'Universal Render Pipeline/Particles/Lit': fallback shader 'Universal Render Pipeline/Particles/SimpleLit' not found
Shader 'Universal Render Pipeline/Particles/Lit': fallback shader 'Universal Render Pipeline/Particles/SimpleLit' not found
Refreshing native plugins compatible for Editor in 0.48 ms, found 0 plugins.
Preloading 0 native plugins for Editor in 0.00 ms.
Unloading 2317 Unused Serialized files (Serialized files now loaded: 0)
System memory in use before: 107.4 MB.
System memory in use after: 105.3 MB.

Unloading 40 unused Assets to reduce memory usage. Loaded Objects now: 2801.
Total: 4.401800 ms (FindLiveObjects: 0.327500 ms CreateObjectMapping: 0.138100 ms MarkObjects: 2.333800 ms  DeleteObjects: 1.600600 ms)

========================================================================
Received Import Request.
  Time since last request: 1280.627277 seconds.
  path: Assets/WeirdCubeSphereHybrid.prefab
  artifactKey: Guid(58a92b36d76e4634e85240d64f2c33b6) Importer(815301076,1909f56bfc062723c751e8b465ee728b)
Start importing Assets/WeirdCubeSphereHybrid.prefab using Guid(58a92b36d76e4634e85240d64f2c33b6) Importer(815301076,1909f56bfc062723c751e8b465ee728b)  -> (artifact id: '57f980b5e5e84daf428c0a06ce47af60') in 0.354402 seconds
  Import took 0.363287 seconds .

========================================================================
Received Import Request.
  Time since last request: 172.345907 seconds.
  path: Assets/WeirdCubeSphereHybrid.prefab
  artifactKey: Guid(58a92b36d76e4634e85240d64f2c33b6) Importer(815301076,1909f56bfc062723c751e8b465ee728b)
Start importing Assets/WeirdCubeSphereHybrid.prefab using Guid(58a92b36d76e4634e85240d64f2c33b6) Importer(815301076,1909f56bfc062723c751e8b465ee728b)  -> (artifact id: '282e26370d623b40d6c675068b368aeb') in 0.027383 seconds
  Import took 0.037773 seconds .

========================================================================
Received Prepare
Registering precompiled user dll's ...
Registered in 0.002341 seconds.
Begin MonoManager ReloadAssembly
Native extension for WindowsStandalone target not found
Refreshing native plugins compatible for Editor in 0.67 ms, found 0 plugins.
Preloading 0 native plugins for Editor in 0.00 ms.
Invoked RoslynAnalysisRunner static constructor.
RoslynAnalysisRunner will not be running.
RoslynAnalysisRunner has terminated.
Mono: successfully reloaded assembly
- Completed reload, in  1.633 seconds
Platform modules already initialized, skipping
Shader 'Universal Render Pipeline/Particles/Lit': fallback shader 'Universal Render Pipeline/Particles/SimpleLit' not found
Shader 'Universal Render Pipeline/Particles/Lit': fallback shader 'Universal Render Pipeline/Particles/SimpleLit' not found
Refreshing native plugins compatible for Editor in 1.43 ms, found 0 plugins.
Preloading 0 native plugins for Editor in 0.00 ms.
Unloading 2318 Unused Serialized files (Serialized files now loaded: 0)
System memory in use before: 112.9 MB.
System memory in use after: 110.8 MB.

Unloading 40 unused Assets to reduce memory usage. Loaded Objects now: 2851.
Total: 4.273900 ms (FindLiveObjects: 0.383800 ms CreateObjectMapping: 0.179100 ms MarkObjects: 2.148800 ms  DeleteObjects: 1.559800 ms)

========================================================================
Received Prepare
Registering precompiled user dll's ...
Registered in 0.001456 seconds.
Begin MonoManager ReloadAssembly
Native extension for WindowsStandalone target not found
Refreshing native plugins compatible for Editor in 0.43 ms, found 0 plugins.
Preloading 0 native plugins for Editor in 0.00 ms.
Invoked RoslynAnalysisRunner static constructor.
RoslynAnalysisRunner will not be running.
RoslynAnalysisRunner has terminated.
Mono: successfully reloaded assembly
- Completed reload, in  1.457 seconds
Platform modules already initialized, skipping
Shader 'Universal Render Pipeline/Particles/Lit': fallback shader 'Universal Render Pipeline/Particles/SimpleLit' not found
Shader 'Universal Render Pipeline/Particles/Lit': fallback shader 'Universal Render Pipeline/Particles/SimpleLit' not found
Refreshing native plugins compatible for Editor in 0.74 ms, found 0 plugins.
Preloading 0 native plugins for Editor in 0.00 ms.
Unloading 2318 Unused Serialized files (Serialized files now loaded: 0)
System memory in use before: 113.1 MB.
System memory in use after: 111.0 MB.

Unloading 40 unused Assets to reduce memory usage. Loaded Objects now: 2853.
Total: 5.821400 ms (FindLiveObjects: 0.412500 ms CreateObjectMapping: 0.196700 ms MarkObjects: 3.015000 ms  DeleteObjects: 2.195200 ms)

========================================================================
Received Prepare
Registering precompiled user dll's ...
Registered in 0.001591 seconds.
Begin MonoManager ReloadAssembly
Native extension for WindowsStandalone target not found
Refreshing native plugins compatible for Editor in 0.62 ms, found 0 plugins.
Preloading 0 native plugins for Editor in 0.00 ms.
Invoked RoslynAnalysisRunner static constructor.
RoslynAnalysisRunner will not be running.
RoslynAnalysisRunner has terminated.
Mono: successfully reloaded assembly
- Completed reload, in  1.581 seconds
Platform modules already initialized, skipping
Shader 'Universal Render Pipeline/Particles/Lit': fallback shader 'Universal Render Pipeline/Particles/SimpleLit' not found
Shader 'Universal Render Pipeline/Particles/Lit': fallback shader 'Universal Render Pipeline/Particles/SimpleLit' not found
Refreshing native plugins compatible for Editor in 0.83 ms, found 0 plugins.
Preloading 0 native plugins for Editor in 0.00 ms.
Unloading 2318 Unused Serialized files (Serialized files now loaded: 0)
System memory in use before: 113.1 MB.
System memory in use after: 111.1 MB.

Unloading 40 unused Assets to reduce memory usage. Loaded Objects now: 2855.
Total: 9.218200 ms (FindLiveObjects: 1.891100 ms CreateObjectMapping: 0.630500 ms MarkObjects: 3.529600 ms  DeleteObjects: 3.164400 ms)

========================================================================
Received Prepare
Registering precompiled user dll's ...
Registered in 0.001452 seconds.
Begin MonoManager ReloadAssembly
Native extension for WindowsStandalone target not found
Refreshing native plugins compatible for Editor in 0.49 ms, found 0 plugins.
Preloading 0 native plugins for Editor in 0.00 ms.
Invoked RoslynAnalysisRunner static constructor.
RoslynAnalysisRunner will not be running.
RoslynAnalysisRunner has terminated.
Mono: successfully reloaded assembly
- Completed reload, in  1.480 seconds
Platform modules already initialized, skipping
Shader 'Universal Render Pipeline/Particles/Lit': fallback shader 'Universal Render Pipeline/Particles/SimpleLit' not found
Shader 'Universal Render Pipeline/Particles/Lit': fallback shader 'Universal Render Pipeline/Particles/SimpleLit' not found
Refreshing native plugins compatible for Editor in 0.50 ms, found 0 plugins.
Preloading 0 native plugins for Editor in 0.00 ms.
Unloading 2318 Unused Serialized files (Serialized files now loaded: 0)
System memory in use before: 113.5 MB.
System memory in use after: 111.4 MB.

Unloading 40 unused Assets to reduce memory usage. Loaded Objects now: 2857.
Total: 6.372700 ms (FindLiveObjects: 0.385100 ms CreateObjectMapping: 0.439900 ms MarkObjects: 2.662900 ms  DeleteObjects: 2.883000 ms)

========================================================================
Received Prepare
Registering precompiled user dll's ...
Registered in 0.002511 seconds.
Begin MonoManager ReloadAssembly
Native extension for WindowsStandalone target not found
Refreshing native plugins compatible for Editor in 0.48 ms, found 0 plugins.
Preloading 0 native plugins for Editor in 0.00 ms.
Invoked RoslynAnalysisRunner static constructor.
RoslynAnalysisRunner will not be running.
RoslynAnalysisRunner has terminated.
Mono: successfully reloaded assembly
- Completed reload, in  2.296 seconds
Platform modules already initialized, skipping
Shader 'Universal Render Pipeline/Particles/Lit': fallback shader 'Universal Render Pipeline/Particles/SimpleLit' not found
Shader 'Universal Render Pipeline/Particles/Lit': fallback shader 'Universal Render Pipeline/Particles/SimpleLit' not found
Refreshing native plugins compatible for Editor in 0.73 ms, found 0 plugins.
Preloading 0 native plugins for Editor in 0.00 ms.
Unloading 2318 Unused Serialized files (Serialized files now loaded: 0)
System memory in use before: 113.7 MB.
System memory in use after: 111.6 MB.

Unloading 40 unused Assets to reduce memory usage. Loaded Objects now: 2859.
Total: 9.834300 ms (FindLiveObjects: 0.611000 ms CreateObjectMapping: 0.535300 ms MarkObjects: 4.612200 ms  DeleteObjects: 4.073700 ms)

========================================================================
Received Import Request.
  Time since last request: 1378.713724 seconds.
  path: Assets/Sci Fi Gun Light/_prefabs/GunLight/SciFiGunLightBlack.prefab
  artifactKey: Guid(a4e476a037022df448ead5d0ceea7d06) Importer(815301076,1909f56bfc062723c751e8b465ee728b)
Start importing Assets/Sci Fi Gun Light/_prefabs/GunLight/SciFiGunLightBlack.prefab using Guid(a4e476a037022df448ead5d0ceea7d06) Importer(815301076,1909f56bfc062723c751e8b465ee728b)  -> (artifact id: '057b925e429084899bd07ed31f57d63e') in 14.568396 seconds
  Import took 15.860765 seconds .

========================================================================
Received Import Request.
  Time since last request: 19.632060 seconds.
  path: Assets/Sci Fi Gun Light/_models/GunHeavy.FBX
  artifactKey: Guid(584761fab006d6d42b4d0d8c56a51241) Importer(815301076,1909f56bfc062723c751e8b465ee728b)
Start importing Assets/Sci Fi Gun Light/_models/GunHeavy.FBX using Guid(584761fab006d6d42b4d0d8c56a51241) Importer(815301076,1909f56bfc062723c751e8b465ee728b)  -> (artifact id: '02368cc1d6484541658372ceee11ba77') in 0.658064 seconds
  Import took 0.665548 seconds .

========================================================================
Received Import Request.
  Time since last request: 7.198224 seconds.
  path: Assets/Sci Fi Gun Light/_textures/GunTwo/GunTwo_Emission1.png
  artifactKey: Guid(b199bdf781c163b469823a86f9204ac9) Importer(815301076,1909f56bfc062723c751e8b465ee728b)
Start importing Assets/Sci Fi Gun Light/_textures/GunTwo/GunTwo_Emission1.png using Guid(b199bdf781c163b469823a86f9204ac9) Importer(815301076,1909f56bfc062723c751e8b465ee728b)  -> (artifact id: '0a05ec1d21cb86548ed3515e7745c54c') in 0.096770 seconds
  Import took 0.110582 seconds .

========================================================================
Received Import Request.
  Time since last request: 0.000274 seconds.
  path: Assets/Sci Fi Gun Light/_textures/GunTwo/GunTwo_Emission2.png
  artifactKey: Guid(64860141afa10c84780f3416e43c23e4) Importer(815301076,1909f56bfc062723c751e8b465ee728b)
Start importing Assets/Sci Fi Gun Light/_textures/GunTwo/GunTwo_Emission2.png using Guid(64860141afa10c84780f3416e43c23e4) Importer(815301076,1909f56bfc062723c751e8b465ee728b)  -> (artifact id: '52676222e9de33032193bd906f9afd4b') in 0.049334 seconds
  Import took 0.060353 seconds .

========================================================================
Received Import Request.
  Time since last request: 0.000234 seconds.
  path: Assets/Sci Fi Gun Light/_textures/GunTwo/GunTwo_Normal.png
  artifactKey: Guid(ccc8c4c4e95fdcc4c9ae6aae9295360f) Importer(815301076,1909f56bfc062723c751e8b465ee728b)
Start importing Assets/Sci Fi Gun Light/_textures/GunTwo/GunTwo_Normal.png using Guid(ccc8c4c4e95fdcc4c9ae6aae9295360f) Importer(815301076,1909f56bfc062723c751e8b465ee728b)  -> (artifact id: '8393b04e54a37e2daf65784bf839a498') in 0.060534 seconds
  Import took 0.070453 seconds .

========================================================================
Received Import Request.
  Time since last request: 0.000236 seconds.
  path: Assets/Sci Fi Gun Light/_textures/GunTwo/GunTwo_Emission2.png
  artifactKey: Guid(64860141afa10c84780f3416e43c23e4) Importer(815301076,1909f56bfc062723c751e8b465ee728b)
Start importing Assets/Sci Fi Gun Light/_textures/GunTwo/GunTwo_Emission2.png using Guid(64860141afa10c84780f3416e43c23e4) Importer(815301076,1909f56bfc062723c751e8b465ee728b)  -> (artifact id: '52676222e9de33032193bd906f9afd4b') in 0.020245 seconds
  Import took 0.036138 seconds .

========================================================================
Received Import Request.
  Time since last request: 2.855796 seconds.
  path: Assets/Sci Fi Gun Light/_materials/CubeMap.exr
  artifactKey: Guid(bc5d7914c594d274b9bb50cb9f34081d) Importer(815301076,1909f56bfc062723c751e8b465ee728b)
Start importing Assets/Sci Fi Gun Light/_materials/CubeMap.exr using Guid(bc5d7914c594d274b9bb50cb9f34081d) Importer(815301076,1909f56bfc062723c751e8b465ee728b)  -> (artifact id: 'b515d9eea713fa014b40a8bb60953d2e') in 0.149664 seconds
  Import took 0.165006 seconds .

========================================================================
Received Import Request.
  Time since last request: 8.076531 seconds.
  path: Assets/Sci Fi Gun Light/_materials/GunTwo/GunTwoBlack.mat
  artifactKey: Guid(a501bb00c34251540a7cffaba4f07182) Importer(815301076,1909f56bfc062723c751e8b465ee728b)
Start importing Assets/Sci Fi Gun Light/_materials/GunTwo/GunTwoBlack.mat using Guid(a501bb00c34251540a7cffaba4f07182) Importer(815301076,1909f56bfc062723c751e8b465ee728b)  -> (artifact id: 'a42bef0608d746c54386cab3a3611a07') in 0.081666 seconds
  Import took 0.089993 seconds .

========================================================================
Received Import Request.
  Time since last request: 0.000299 seconds.
  path: Assets/Sci Fi Gun Light/_materials/GunTwo/GunTwoYellow.mat
  artifactKey: Guid(cbf658ed14edc5a4987f28f0eb9160ae) Importer(815301076,1909f56bfc062723c751e8b465ee728b)
Start importing Assets/Sci Fi Gun Light/_materials/GunTwo/GunTwoYellow.mat using Guid(cbf658ed14edc5a4987f28f0eb9160ae) Importer(815301076,1909f56bfc062723c751e8b465ee728b)  -> (artifact id: '0100c83877b70fe73d55e1b5cebf520c') in 0.064893 seconds
  Import took 0.072735 seconds .

========================================================================
Received Import Request.
  Time since last request: 0.000287 seconds.
  path: Assets/Sci Fi Gun Light/_materials/GunTwo/GunTwoWhite.mat
  artifactKey: Guid(f59d38d7fdabd3048a6eec44cfa5365f) Importer(815301076,1909f56bfc062723c751e8b465ee728b)
Start importing Assets/Sci Fi Gun Light/_materials/GunTwo/GunTwoWhite.mat using Guid(f59d38d7fdabd3048a6eec44cfa5365f) Importer(815301076,1909f56bfc062723c751e8b465ee728b)  -> (artifact id: 'cdd2ac15b41638c61c221ef3d621e73c') in 0.084179 seconds
  Import took 0.094625 seconds .

========================================================================
Received Import Request.
  Time since last request: 0.000348 seconds.
  path: Assets/Sci Fi Gun Light/_materials/GunTwo/GunTwoBlue.mat
  artifactKey: Guid(5c7176cef124e1a4793b448ed91b74e1) Importer(815301076,1909f56bfc062723c751e8b465ee728b)
Start importing Assets/Sci Fi Gun Light/_materials/GunTwo/GunTwoBlue.mat using Guid(5c7176cef124e1a4793b448ed91b74e1) Importer(815301076,1909f56bfc062723c751e8b465ee728b)  -> (artifact id: '57ab0b25ca7f975090e719de3c63a179') in 0.063127 seconds
  Import took 0.071711 seconds .

========================================================================
Received Import Request.
  Time since last request: 0.000287 seconds.
  path: Assets/Sci Fi Gun Light/_materials/GunTwo/GunTwoRad.mat
  artifactKey: Guid(9cadc8c5021163743861056c6e0fb83a) Importer(815301076,1909f56bfc062723c751e8b465ee728b)
Start importing Assets/Sci Fi Gun Light/_materials/GunTwo/GunTwoRad.mat using Guid(9cadc8c5021163743861056c6e0fb83a) Importer(815301076,1909f56bfc062723c751e8b465ee728b)  -> (artifact id: 'c4c90a9e503ee4abb11f1e7105bba4c2') in 0.085312 seconds
  Import took 0.096265 seconds .

========================================================================
Received Import Request.
  Time since last request: 84.929179 seconds.
  path: Assets/Sci Fi Gun Light/_textures/GunTwo/Black
  artifactKey: Guid(a8da4d5529efaee4d88378f447849e12) Importer(815301076,1909f56bfc062723c751e8b465ee728b)
Start importing Assets/Sci Fi Gun Light/_textures/GunTwo/Black using Guid(a8da4d5529efaee4d88378f447849e12) Importer(815301076,1909f56bfc062723c751e8b465ee728b)  -> (artifact id: 'a9af86b15f3409e01e1f8b9a58809bea') in 0.023606 seconds
  Import took 0.043482 seconds .

========================================================================
Received Import Request.
  Time since last request: 0.069034 seconds.
  path: Assets/Sci Fi Gun Light/_textures/GunTwo/Black/GunTwo_AlbedoTransparency.png
  artifactKey: Guid(bbee312efb984dc47903c8e700c25567) Importer(815301076,1909f56bfc062723c751e8b465ee728b)
Start importing Assets/Sci Fi Gun Light/_textures/GunTwo/Black/GunTwo_AlbedoTransparency.png using Guid(bbee312efb984dc47903c8e700c25567) Importer(815301076,1909f56bfc062723c751e8b465ee728b)  -> (artifact id: '427db786c396b72560ed3f6da764f569') in 0.035769 seconds
  Import took 0.051485 seconds .

========================================================================
Received Import Request.
  Time since last request: 0.000461 seconds.
  path: Assets/Sci Fi Gun Light/_textures/GunTwo/Black/GunTwo_SpecularSmoothness.png
  artifactKey: Guid(76c37d6e53904d04cb88024352ca5de1) Importer(815301076,1909f56bfc062723c751e8b465ee728b)
Start importing Assets/Sci Fi Gun Light/_textures/GunTwo/Black/GunTwo_SpecularSmoothness.png using Guid(76c37d6e53904d04cb88024352ca5de1) Importer(815301076,1909f56bfc062723c751e8b465ee728b)  -> (artifact id: 'eb67f72c604bf5923307be62d1df4c07') in 0.058699 seconds
  Import took 0.071267 seconds .

AssetImportWorkerClient::OnTransportError - code=2 error=End of file
